  [4;36;1mSQL (0.2ms)[0m   [0;1mSET client_min_messages TO 'panic'[0m
  [4;35;1mSQL (0.1ms)[0m   [0mSET client_min_messages TO 'notice'[0m
  [4;36;1mSQL (3.6ms)[0m   [0;1mCREATE TABLE "schema_migrations" ("version" character varying(255) NOT NULL) [0m
  [4;35;1mSQL (32.3ms)[0m   [0mCREATE UNIQUE INDEX "unique_schema_migrations" ON "schema_migrations" ("version")[0m
  [4;36;1mSQL (0.4ms)[0m   [0;1mSELECT version FROM schema_migrations[0m
Migrating to CreateUsers (20100316091421)
  [4;35;1mSQL (0.2ms)[0m   [0mBEGIN[0m
  [4;36;1mSQL (51.6ms)[0m   [0;1mCREATE TABLE "users" ("id" serial primary key, "login" character varying(255) NOT NULL, "email" character varying(255) NOT NULL, "crypted_password" character varying(255) NOT NULL, "password_salt" character varying(255) NOT NULL, "persistence_token" character varying(255) NOT NULL, "single_access_token" character varying(255) NOT NULL, "perishable_token" character varying(255) NOT NULL, "login_count" integer DEFAULT 0 NOT NULL, "failed_login_count" integer DEFAULT 0 NOT NULL, "last_request_at" timestamp, "current_login_at" timestamp, "last_login_at" timestamp, "current_login_ip" character varying(255), "last_login_ip" character varying(255), "created_at" timestamp, "updated_at" timestamp) [0m
  [4;35;1mSQL (0.6ms)[0m   [0mINSERT INTO schema_migrations (version) VALUES ('20100316091421')[0m
  [4;36;1mSQL (0.7ms)[0m   [0;1mCOMMIT[0m
  [4;35;1mSQL (4.0ms)[0m   [0mSELECT version FROM schema_migrations[0m
  [4;36;1mSQL (0.2ms)[0m   [0;1mSET client_min_messages TO 'panic'[0m
  [4;35;1mSQL (0.2ms)[0m   [0mSET client_min_messages TO 'notice'[0m


Processing UserSessionsController#new (for 127.0.0.1 at 2010-03-16 16:02:41) [GET]
  Parameters: {"action"=>"new", "controller"=>"user_sessions"}
Rendering user_sessions/new
Completed in 27ms (View: 14, DB: 0) | 200 OK [http://localhost/]
  [4;36;1mSQL (0.1ms)[0m   [0;1mSET client_min_messages TO 'panic'[0m
  [4;35;1mSQL (0.1ms)[0m   [0mSET client_min_messages TO 'notice'[0m


Processing UsersController#new (for 127.0.0.1 at 2010-03-16 16:04:34) [GET]
  Parameters: {"action"=>"new", "controller"=>"users"}
Rendering users/new
Rendered users/_form (1.8ms)
Completed in 79ms (View: 13, DB: 0) | 200 OK [http://localhost/account/new]
  [4;36;1mSQL (0.2ms)[0m   [0;1mSET client_min_messages TO 'panic'[0m
  [4;35;1mSQL (0.1ms)[0m   [0mSET client_min_messages TO 'notice'[0m


Processing UserSessionsController#new (for 127.0.0.1 at 2010-03-16 16:11:28) [GET]
  Parameters: {"action"=>"new", "controller"=>"user_sessions"}
Rendering user_sessions/new
Completed in 27ms (View: 15, DB: 0) | 200 OK [http://localhost/]
  [4;36;1mSQL (0.1ms)[0m   [0;1mSET client_min_messages TO 'panic'[0m
  [4;35;1mSQL (0.1ms)[0m   [0mSET client_min_messages TO 'notice'[0m


Processing UsersController#new (for 127.0.0.1 at 2010-03-16 16:11:31) [GET]
  Parameters: {"action"=>"new", "controller"=>"users"}
Rendering users/new
Rendered users/_form (54.0ms)
Completed in 78ms (View: 65, DB: 0) | 200 OK [http://localhost/account/new]
  [4;36;1mSQL (0.1ms)[0m   [0;1mSET client_min_messages TO 'panic'[0m
  [4;35;1mSQL (0.1ms)[0m   [0mSET client_min_messages TO 'notice'[0m


Processing UsersController#create (for 127.0.0.1 at 2010-03-16 16:11:51) [POST]
  Parameters: {"commit"=>"Register", "action"=>"create", "authenticity_token"=>"H/RSVYk52g3Zjor2EvHPiedzKZcOMJ6yr/q1O+Q0MdI=", "controller"=>"users", "user"=>{"password_confirmation"=>"[FILTERED]", "last_name"=>"rawal", "password"=>"[FILTERED]", "login"=>"hitesh", "first_name"=>"hitesh"}}
  [4;36;1mSQL (0.2ms)[0m   [0;1mBEGIN[0m
  [4;35;1mUser Load (1.1ms)[0m   [0mSELECT "users".id FROM "users" WHERE (LOWER("users"."login") = E'hitesh') LIMIT 1[0m
  [4;36;1mUser Load (0.8ms)[0m   [0;1mSELECT "users".id FROM "users" WHERE ("users"."persistence_token" = E'7646cabffa35294de8f6b7851ee752e893c042c30fde356a270cda89743fe0449caae2d2196f7c5c756832f45cf98e7155e7e7da69c57593b5223e487046bd09') LIMIT 1[0m
  [4;35;1mUser Load (0.5ms)[0m   [0mSELECT "users".id FROM "users" WHERE ("users"."single_access_token" = E'DfW2J5UNXSmMY9yq1ZlG') LIMIT 1[0m
  [4;36;1mSQL (0.2ms)[0m   [0;1mROLLBACK[0m
Rendering users/new
Rendered users/_form (3.0ms)
Completed in 181ms (View: 9, DB: 3) | 200 OK [http://localhost/account]
  [4;35;1mSQL (0.1ms)[0m   [0mSET client_min_messages TO 'panic'[0m
  [4;36;1mSQL (0.1ms)[0m   [0;1mSET client_min_messages TO 'notice'[0m


Processing UsersController#new (for 127.0.0.1 at 2010-03-16 16:12:58) [GET]
  Parameters: {"action"=>"new", "controller"=>"users"}
Rendering users/new
Rendered users/_form (3.1ms)
Completed in 26ms (View: 11, DB: 0) | 200 OK [http://localhost/account/new]
  [4;35;1mSQL (0.1ms)[0m   [0mSET client_min_messages TO 'panic'[0m
  [4;36;1mSQL (0.1ms)[0m   [0;1mSET client_min_messages TO 'notice'[0m


Processing UsersController#create (for 127.0.0.1 at 2010-03-16 16:13:16) [POST]
  Parameters: {"commit"=>"Register", "action"=>"create", "authenticity_token"=>"H/RSVYk52g3Zjor2EvHPiedzKZcOMJ6yr/q1O+Q0MdI=", "controller"=>"users", "user"=>{"password_confirmation"=>"[FILTERED]", "last_name"=>"rawal", "password"=>"[FILTERED]", "login"=>"hitesh", "email"=>"hi@abc.om", "first_name"=>"hitesh"}}
  [4;35;1mSQL (0.5ms)[0m   [0mBEGIN[0m
  [4;36;1mUser Load (0.7ms)[0m   [0;1mSELECT "users".id FROM "users" WHERE (LOWER("users"."email") = E'hi@abc.om') LIMIT 1[0m
  [4;35;1mUser Load (0.4ms)[0m   [0mSELECT "users".id FROM "users" WHERE (LOWER("users"."login") = E'hitesh') LIMIT 1[0m
  [4;36;1mUser Load (2.2ms)[0m   [0;1mSELECT "users".id FROM "users" WHERE ("users"."persistence_token" = E'b474bf67a1595e2457ab7b7c451920c643e5981e147af95fbcf25b537dfbda57edb020441684eb16beed9220c82fcc4917c40b380915e7ca737ea53119f0f496') LIMIT 1[0m
  [4;35;1mUser Load (0.7ms)[0m   [0mSELECT "users".id FROM "users" WHERE ("users"."single_access_token" = E'AChXFqz61odSqKBPny-i') LIMIT 1[0m
  [4;36;1mSQL (0.8ms)[0m   [0;1mINSERT INTO "users" ("single_access_token", "last_request_at", "created_at", "crypted_password", "perishable_token", "updated_at", "failed_login_count", "current_login_ip", "password_salt", "current_login_at", "persistence_token", "login_count", "last_name", "last_login_ip", "login", "last_login_at", "email", "first_name") VALUES(E'AChXFqz61odSqKBPny-i', '2010-03-16 10:43:16.249462', '2010-03-16 10:43:16.250415', E'6674043ee67ab493e3988075856318051d6b5ea283242236f1776a047b6f03051eb55212ac44c2845f5e24f1bf243496b250993ce3b95761a7858003912dc5b4', E'UhWyPC-10QsS4y4FW35E', '2010-03-16 10:43:16.250415', 0, E'127.0.0.1', E'a4HMfcbOyQ8pMp9AIhFI', '2010-03-16 10:43:16.208386', E'b474bf67a1595e2457ab7b7c451920c643e5981e147af95fbcf25b537dfbda57edb020441684eb16beed9220c82fcc4917c40b380915e7ca737ea53119f0f496', 1, E'rawal', NULL, E'hitesh', NULL, E'hi@abc.om', E'hitesh') RETURNING "id"[0m
  [4;35;1mSQL (20.2ms)[0m   [0mCOMMIT[0m
Redirected to http://localhost:3001/account
Completed in 191ms (DB: 26) | 302 Found [http://localhost/account]
  [4;36;1mSQL (0.1ms)[0m   [0;1mSET client_min_messages TO 'panic'[0m
  [4;35;1mSQL (0.1ms)[0m   [0mSET client_min_messages TO 'notice'[0m


Processing UsersController#show (for 127.0.0.1 at 2010-03-16 16:13:16) [GET]
  Parameters: {"action"=>"show", "controller"=>"users"}
  [4;36;1mUser Load (1.1ms)[0m   [0;1mSELECT * FROM "users" WHERE ("users"."persistence_token" = E'b474bf67a1595e2457ab7b7c451920c643e5981e147af95fbcf25b537dfbda57edb020441684eb16beed9220c82fcc4917c40b380915e7ca737ea53119f0f496') LIMIT 1[0m
  [4;35;1mSQL (0.2ms)[0m   [0mBEGIN[0m
  [4;36;1mUser Update (0.5ms)[0m   [0;1mUPDATE "users" SET "updated_at" = '2010-03-16 10:43:16.366198', "perishable_token" = E'HB7FRgUVkpfAeu2eYMCL', "last_request_at" = '2010-03-16 10:43:16.365443' WHERE "id" = 1[0m
  [4;35;1mSQL (0.5ms)[0m   [0mCOMMIT[0m
Rendering users/show
Completed in 29ms (View: 4, DB: 2) | 200 OK [http://localhost/account]
  [4;36;1mSQL (0.2ms)[0m   [0;1mSET client_min_messages TO 'panic'[0m
  [4;35;1mSQL (0.1ms)[0m   [0mSET client_min_messages TO 'notice'[0m


Processing UsersController#edit (for 127.0.0.1 at 2010-03-16 16:13:22) [GET]
  Parameters: {"action"=>"edit", "controller"=>"users"}
  [4;36;1mUser Load (1.1ms)[0m   [0;1mSELECT * FROM "users" WHERE ("users"."persistence_token" = E'b474bf67a1595e2457ab7b7c451920c643e5981e147af95fbcf25b537dfbda57edb020441684eb16beed9220c82fcc4917c40b380915e7ca737ea53119f0f496') LIMIT 1[0m
  [4;35;1mSQL (0.2ms)[0m   [0mBEGIN[0m
  [4;36;1mUser Update (0.7ms)[0m   [0;1mUPDATE "users" SET "updated_at" = '2010-03-16 10:43:22.118375', "perishable_token" = E'dx4O32Wc3yFTwjhLOpST', "last_request_at" = '2010-03-16 10:43:22.117623' WHERE "id" = 1[0m
  [4;35;1mSQL (0.7ms)[0m   [0mCOMMIT[0m
Rendering users/edit
Rendered users/_form (2.3ms)
Completed in 28ms (View: 7, DB: 3) | 200 OK [http://localhost/account/edit]
  [4;36;1mSQL (0.3ms)[0m   [0;1mSET client_min_messages TO 'panic'[0m
  [4;35;1mSQL (0.1ms)[0m   [0mSET client_min_messages TO 'notice'[0m


Processing UsersController#show (for 127.0.0.1 at 2010-03-16 16:13:24) [GET]
  Parameters: {"action"=>"show", "controller"=>"users"}
  [4;36;1mUser Load (1.1ms)[0m   [0;1mSELECT * FROM "users" WHERE ("users"."persistence_token" = E'b474bf67a1595e2457ab7b7c451920c643e5981e147af95fbcf25b537dfbda57edb020441684eb16beed9220c82fcc4917c40b380915e7ca737ea53119f0f496') LIMIT 1[0m
  [4;35;1mSQL (0.3ms)[0m   [0mBEGIN[0m
  [4;36;1mUser Update (0.8ms)[0m   [0;1mUPDATE "users" SET "updated_at" = '2010-03-16 10:43:24.348432', "perishable_token" = E'xIaPYhBZqXWZUl2TVYSE', "last_request_at" = '2010-03-16 10:43:24.347281' WHERE "id" = 1[0m
  [4;35;1mSQL (0.8ms)[0m   [0mCOMMIT[0m
Rendering users/show
Completed in 36ms (View: 1, DB: 3) | 200 OK [http://localhost/account]
  [4;36;1mSQL (0.2ms)[0m   [0;1mSET client_min_messages TO 'panic'[0m
  [4;35;1mSQL (0.2ms)[0m   [0mSET client_min_messages TO 'notice'[0m


Processing UserSessionsController#new (for 127.0.0.1 at 2010-03-17 12:05:47) [GET]
  Parameters: {"action"=>"new", "controller"=>"user_sessions"}
  [4;36;1mUser Load (0.8ms)[0m   [0;1mSELECT * FROM "users" WHERE ("users"."id" = E'1') LIMIT 1[0m
Rendering user_sessions/new
Completed in 47ms (View: 23, DB: 1) | 200 OK [http://localhost/]
  [4;35;1mSQL (0.2ms)[0m   [0mSET client_min_messages TO 'panic'[0m
  [4;36;1mSQL (0.2ms)[0m   [0;1mSET client_min_messages TO 'notice'[0m


Processing UsersController#new (for 127.0.0.1 at 2010-03-17 12:05:50) [GET]
  Parameters: {"action"=>"new", "controller"=>"users"}
  [4;35;1mUser Load (0.9ms)[0m   [0mSELECT * FROM "users" WHERE ("users"."id" = E'1') LIMIT 1[0m
Rendering users/new
Rendered users/_form (3.8ms)
Completed in 95ms (View: 78, DB: 1) | 200 OK [http://localhost/account/new]
  [4;36;1mSQL (0.1ms)[0m   [0;1mSET client_min_messages TO 'panic'[0m
  [4;35;1mSQL (0.1ms)[0m   [0mSET client_min_messages TO 'notice'[0m


Processing UsersController#create (for 127.0.0.1 at 2010-03-17 12:06:08) [POST]
  Parameters: {"commit"=>"Register", "action"=>"create", "authenticity_token"=>"mOt+/04m10vaiTs3ySClFNC15a316fmhqDsmklwZyaw=", "controller"=>"users", "user"=>{"password_confirmation"=>"[FILTERED]", "last_name"=>"rawal", "password"=>"[FILTERED]", "login"=>"hitesh", "email"=>"hi@abc.om", "first_name"=>"hitesh"}}
  [4;36;1mUser Load (0.9ms)[0m   [0;1mSELECT * FROM "users" WHERE ("users"."id" = E'1') LIMIT 1[0m
  [4;35;1mSQL (0.4ms)[0m   [0mBEGIN[0m
  [4;36;1mUser Load (0.6ms)[0m   [0;1mSELECT "users".id FROM "users" WHERE (LOWER("users"."email") = E'hi@abc.om') LIMIT 1[0m
  [4;35;1mUser Load (0.2ms)[0m   [0mSELECT "users".id FROM "users" WHERE (LOWER("users"."login") = E'hitesh') LIMIT 1[0m
  [4;36;1mUser Load (2.2ms)[0m   [0;1mSELECT "users".id FROM "users" WHERE ("users"."persistence_token" = E'97083b9c03b4f0d69b5aece623469ca3eb89f6f373881c6bdf6090c3b9bebd6efbf16c158d3a5fd2a0c42433e629b9fd050bd20e9afeb18b76cb329a18ea33a6') LIMIT 1[0m
  [4;35;1mUser Load (0.2ms)[0m   [0mSELECT "users".id FROM "users" WHERE ("users"."single_access_token" = E'luB7YnQT6PRKyJsdFDFA') LIMIT 1[0m
  [4;36;1mCACHE (0.0ms)[0m   [0;1mSELECT * FROM "users" WHERE ("users"."id" = E'1') LIMIT 1[0m
  [4;35;1mSQL (10.1ms)[0m   [0mINSERT INTO "users" ("single_access_token", "last_request_at", "created_at", "crypted_password", "perishable_token", "updated_at", "failed_login_count", "current_login_ip", "password_salt", "current_login_at", "persistence_token", "login_count", "last_name", "last_login_ip", "login", "last_login_at", "email", "first_name") VALUES(E'luB7YnQT6PRKyJsdFDFA', '2010-03-17 06:36:08.908701', '2010-03-17 06:36:08.909374', E'56a2d5feb6dda2c4f6e13a92ed1da00097f5dd58c9450f4feae8f218a90a2442298b8c60d6343904bbdc1fb2258b2a14a43ffb45a9013c91526718e054972587', E'BF7w6J5Q4S9ABAFkEjUB', '2010-03-17 06:36:08.909374', 0, E'127.0.0.1', E'_d_Em81WuEDPIRDOcfOE', '2010-03-17 06:36:08.881819', E'97083b9c03b4f0d69b5aece623469ca3eb89f6f373881c6bdf6090c3b9bebd6efbf16c158d3a5fd2a0c42433e629b9fd050bd20e9afeb18b76cb329a18ea33a6', 1, E'rawal', NULL, E'hitesh', NULL, E'hi@abc.om', E'hitesh') RETURNING "id"[0m
  [4;36;1mSQL (0.6ms)[0m   [0;1mCOMMIT[0m
Redirected to http://localhost:3001/account
Completed in 251ms (DB: 15) | 302 Found [http://localhost/account]
  [4;35;1mSQL (0.1ms)[0m   [0mSET client_min_messages TO 'panic'[0m
  [4;36;1mSQL (0.1ms)[0m   [0;1mSET client_min_messages TO 'notice'[0m


Processing UsersController#show (for 127.0.0.1 at 2010-03-17 12:06:08) [GET]
  Parameters: {"action"=>"show", "controller"=>"users"}
  [4;35;1mUser Load (1.1ms)[0m   [0mSELECT * FROM "users" WHERE ("users"."persistence_token" = E'97083b9c03b4f0d69b5aece623469ca3eb89f6f373881c6bdf6090c3b9bebd6efbf16c158d3a5fd2a0c42433e629b9fd050bd20e9afeb18b76cb329a18ea33a6') LIMIT 1[0m
  [4;36;1mSQL (0.2ms)[0m   [0;1mBEGIN[0m
  [4;35;1mUser Update (0.5ms)[0m   [0mUPDATE "users" SET "updated_at" = '2010-03-17 06:36:09.005819', "perishable_token" = E'uvDxex-iUUnMUPchzOyi', "last_request_at" = '2010-03-17 06:36:09.005113' WHERE "id" = 2[0m
  [4;36;1mSQL (0.5ms)[0m   [0;1mCOMMIT[0m
Rendering users/show
Completed in 99ms (View: 19, DB: 2) | 200 OK [http://localhost/account]
  [4;35;1mSQL (0.1ms)[0m   [0mSET client_min_messages TO 'panic'[0m
  [4;36;1mSQL (0.1ms)[0m   [0;1mSET client_min_messages TO 'notice'[0m


Processing UsersController#edit (for 127.0.0.1 at 2010-03-17 12:06:22) [GET]
  Parameters: {"action"=>"edit", "controller"=>"users"}
  [4;35;1mUser Load (1.4ms)[0m   [0mSELECT * FROM "users" WHERE ("users"."persistence_token" = E'97083b9c03b4f0d69b5aece623469ca3eb89f6f373881c6bdf6090c3b9bebd6efbf16c158d3a5fd2a0c42433e629b9fd050bd20e9afeb18b76cb329a18ea33a6') LIMIT 1[0m
  [4;36;1mSQL (0.2ms)[0m   [0;1mBEGIN[0m
  [4;35;1mUser Update (0.5ms)[0m   [0mUPDATE "users" SET "updated_at" = '2010-03-17 06:36:22.212224', "perishable_token" = E'5wBpM338DqIajFz79BMQ', "last_request_at" = '2010-03-17 06:36:22.211487' WHERE "id" = 2[0m
  [4;36;1mSQL (0.6ms)[0m   [0;1mCOMMIT[0m
Rendering users/edit
Rendered users/_form (3.9ms)
Completed in 55ms (View: 29, DB: 3) | 200 OK [http://localhost/account/edit]
  [4;35;1mSQL (0.2ms)[0m   [0mSET client_min_messages TO 'panic'[0m
  [4;36;1mSQL (0.1ms)[0m   [0;1mSET client_min_messages TO 'notice'[0m


Processing UsersController#show (for 127.0.0.1 at 2010-03-17 12:06:24) [GET]
  Parameters: {"action"=>"show", "controller"=>"users"}
  [4;35;1mUser Load (1.1ms)[0m   [0mSELECT * FROM "users" WHERE ("users"."persistence_token" = E'97083b9c03b4f0d69b5aece623469ca3eb89f6f373881c6bdf6090c3b9bebd6efbf16c158d3a5fd2a0c42433e629b9fd050bd20e9afeb18b76cb329a18ea33a6') LIMIT 1[0m
  [4;36;1mSQL (0.2ms)[0m   [0;1mBEGIN[0m
  [4;35;1mUser Update (0.5ms)[0m   [0mUPDATE "users" SET "updated_at" = '2010-03-17 06:36:24.144050', "perishable_token" = E'itA9ns9jg_5pbvVYIN0n', "last_request_at" = '2010-03-17 06:36:24.143360' WHERE "id" = 2[0m
  [4;36;1mSQL (0.6ms)[0m   [0;1mCOMMIT[0m
Rendering users/show
Completed in 24ms (View: 1, DB: 3) | 200 OK [http://localhost/account]
  [4;36;1mSQL (0.1ms)[0m   [0;1mSET client_min_messages TO 'panic'[0m
  [4;35;1mSQL (0.4ms)[0m   [0mSET client_min_messages TO 'notice'[0m


Processing UserSessionsController#new (for 127.0.0.1 at 2010-03-17 12:11:13) [GET]
  Parameters: {"action"=>"new", "controller"=>"user_sessions"}
  [4;36;1mUser Load (1.6ms)[0m   [0;1mSELECT * FROM "users" WHERE ("users"."persistence_token" = E'97083b9c03b4f0d69b5aece623469ca3eb89f6f373881c6bdf6090c3b9bebd6efbf16c158d3a5fd2a0c42433e629b9fd050bd20e9afeb18b76cb329a18ea33a6') LIMIT 1[0m
  [4;35;1mSQL (0.2ms)[0m   [0mBEGIN[0m
  [4;36;1mUser Update (0.6ms)[0m   [0;1mUPDATE "users" SET "updated_at" = '2010-03-17 06:41:13.567189', "perishable_token" = E'1EuemT_-uqTZ0dFqS-Uz', "last_request_at" = '2010-03-17 06:41:13.566288' WHERE "id" = 2[0m
  [4;35;1mSQL (0.6ms)[0m   [0mCOMMIT[0m
Redirected to http://localhost:3001/account
Filter chain halted as [:require_no_user] rendered_or_redirected.
Completed in 139ms (DB: 4) | 302 Found [http://localhost/]
  [4;36;1mSQL (1.0ms)[0m   [0;1mSET client_min_messages TO 'panic'[0m
  [4;35;1mSQL (0.1ms)[0m   [0mSET client_min_messages TO 'notice'[0m


Processing UsersController#show (for 127.0.0.1 at 2010-03-17 12:11:13) [GET]
  Parameters: {"action"=>"show", "controller"=>"users"}
  [4;36;1mUser Load (1.1ms)[0m   [0;1mSELECT * FROM "users" WHERE ("users"."persistence_token" = E'97083b9c03b4f0d69b5aece623469ca3eb89f6f373881c6bdf6090c3b9bebd6efbf16c158d3a5fd2a0c42433e629b9fd050bd20e9afeb18b76cb329a18ea33a6') LIMIT 1[0m
  [4;35;1mSQL (0.2ms)[0m   [0mBEGIN[0m
  [4;36;1mUser Update (0.5ms)[0m   [0;1mUPDATE "users" SET "updated_at" = '2010-03-17 06:41:13.686356', "perishable_token" = E'plZ4NJXRkWLbnev-0ffq', "last_request_at" = '2010-03-17 06:41:13.685596' WHERE "id" = 2[0m
  [4;35;1mSQL (0.5ms)[0m   [0mCOMMIT[0m
Rendering users/show
Completed in 34ms (View: 6, DB: 3) | 200 OK [http://localhost/account]
  [4;36;1mSQL (0.2ms)[0m   [0;1mSET client_min_messages TO 'panic'[0m
  [4;35;1mSQL (0.2ms)[0m   [0mSET client_min_messages TO 'notice'[0m


Processing UserSessionsController#destroy (for 127.0.0.1 at 2010-03-17 12:11:17) [DELETE]
  Parameters: {"action"=>"destroy", "_method"=>"delete", "authenticity_token"=>"mOt+/04m10vaiTs3ySClFNC15a316fmhqDsmklwZyaw=", "controller"=>"user_sessions"}
  [4;36;1mUser Load (1.1ms)[0m   [0;1mSELECT * FROM "users" WHERE ("users"."persistence_token" = E'97083b9c03b4f0d69b5aece623469ca3eb89f6f373881c6bdf6090c3b9bebd6efbf16c158d3a5fd2a0c42433e629b9fd050bd20e9afeb18b76cb329a18ea33a6') LIMIT 1[0m
  [4;35;1mSQL (0.2ms)[0m   [0mBEGIN[0m
  [4;36;1mUser Update (0.5ms)[0m   [0;1mUPDATE "users" SET "updated_at" = '2010-03-17 06:41:17.020615', "perishable_token" = E'G917L0m2LWjckeGXuzDW', "last_request_at" = '2010-03-17 06:41:17.019901' WHERE "id" = 2[0m
  [4;35;1mSQL (8.6ms)[0m   [0mCOMMIT[0m
Redirected to http://localhost:3001/
Completed in 30ms (DB: 11) | 302 Found [http://localhost/logout]
  [4;36;1mSQL (0.2ms)[0m   [0;1mSET client_min_messages TO 'panic'[0m
  [4;35;1mSQL (0.3ms)[0m   [0mSET client_min_messages TO 'notice'[0m


Processing UserSessionsController#new (for 127.0.0.1 at 2010-03-17 12:11:17) [GET]
  Parameters: {"action"=>"new", "controller"=>"user_sessions"}
Rendering user_sessions/new
Completed in 21ms (View: 7, DB: 1) | 200 OK [http://localhost/]
  [4;36;1mSQL (0.1ms)[0m   [0;1mSET client_min_messages TO 'panic'[0m
  [4;35;1mSQL (0.1ms)[0m   [0mSET client_min_messages TO 'notice'[0m


Processing UserSessionsController#create (for 127.0.0.1 at 2010-03-17 12:11:24) [POST]
  Parameters: {"commit"=>"Login", "user_session"=>{"remember_me"=>"0", "password"=>"[FILTERED]", "login"=>"hitesh"}, "action"=>"create", "authenticity_token"=>"mOt+/04m10vaiTs3ySClFNC15a316fmhqDsmklwZyaw=", "controller"=>"user_sessions"}
  [4;36;1mUser Load (1.0ms)[0m   [0;1mSELECT * FROM "users" WHERE (LOWER("users".login) = E'hitesh') LIMIT 1[0m
  [4;35;1mSQL (0.4ms)[0m   [0mBEGIN[0m
  [4;36;1mUser Update (0.6ms)[0m   [0;1mUPDATE "users" SET "login_count" = 2, "updated_at" = '2010-03-17 06:41:25.135598', "perishable_token" = E'qaocegzND0GcjEZdqEnZ', "last_request_at" = '2010-03-17 06:41:25.134111', "last_login_at" = '2010-03-17 06:36:08.881819', "last_login_ip" = E'127.0.0.1', "current_login_at" = '2010-03-17 06:41:25.133768' WHERE "id" = 2[0m
  [4;35;1mSQL (0.7ms)[0m   [0mCOMMIT[0m
Redirected to http://localhost:3001/account
Completed in 150ms (DB: 3) | 302 Found [http://localhost/user_session]
  [4;36;1mSQL (0.4ms)[0m   [0;1mSET client_min_messages TO 'panic'[0m
  [4;35;1mSQL (0.2ms)[0m   [0mSET client_min_messages TO 'notice'[0m


Processing UsersController#show (for 127.0.0.1 at 2010-03-17 12:11:25) [GET]
  Parameters: {"action"=>"show", "controller"=>"users"}
  [4;36;1mUser Load (0.9ms)[0m   [0;1mSELECT * FROM "users" WHERE ("users"."id" = E'2') LIMIT 1[0m
  [4;35;1mSQL (0.2ms)[0m   [0mBEGIN[0m
  [4;36;1mUser Update (0.5ms)[0m   [0;1mUPDATE "users" SET "updated_at" = '2010-03-17 06:41:25.207096', "perishable_token" = E'fl3kksgMEMx7ZCniQRMg', "last_request_at" = '2010-03-17 06:41:25.206334' WHERE "id" = 2[0m
  [4;35;1mSQL (0.6ms)[0m   [0mCOMMIT[0m
Rendering users/show
Completed in 26ms (View: 3, DB: 3) | 200 OK [http://localhost/account]
  [4;36;1mSQL (0.1ms)[0m   [0;1mSET client_min_messages TO 'panic'[0m
  [4;35;1mSQL (0.1ms)[0m   [0mSET client_min_messages TO 'notice'[0m


Processing UserSessionsController#destroy (for 127.0.0.1 at 2010-03-17 12:11:36) [DELETE]
  Parameters: {"action"=>"destroy", "_method"=>"delete", "authenticity_token"=>"mOt+/04m10vaiTs3ySClFNC15a316fmhqDsmklwZyaw=", "controller"=>"user_sessions"}
  [4;36;1mUser Load (1.2ms)[0m   [0;1mSELECT * FROM "users" WHERE ("users"."id" = E'2') LIMIT 1[0m
  [4;35;1mSQL (0.2ms)[0m   [0mBEGIN[0m
  [4;36;1mUser Update (0.5ms)[0m   [0;1mUPDATE "users" SET "updated_at" = '2010-03-17 06:41:36.062919', "perishable_token" = E'ArRavUAuSq1knSbtF0E0', "last_request_at" = '2010-03-17 06:41:36.062199' WHERE "id" = 2[0m
  [4;35;1mSQL (0.6ms)[0m   [0mCOMMIT[0m
Redirected to http://localhost:3001/user_session/new
Completed in 26ms (DB: 3) | 302 Found [http://localhost/logout]
  [4;36;1mSQL (0.1ms)[0m   [0;1mSET client_min_messages TO 'panic'[0m
  [4;35;1mSQL (0.1ms)[0m   [0mSET client_min_messages TO 'notice'[0m


Processing UserSessionsController#new (for 127.0.0.1 at 2010-03-17 12:11:36) [GET]
  Parameters: {"action"=>"new", "controller"=>"user_sessions"}
Rendering user_sessions/new
Completed in 20ms (View: 4, DB: 0) | 200 OK [http://localhost/user_session/new]
  [4;36;1mSQL (0.6ms)[0m   [0;1mSET client_min_messages TO 'panic'[0m
  [4;35;1mSQL (0.2ms)[0m   [0mSET client_min_messages TO 'notice'[0m
  [4;36;1mSQL (9.1ms)[0m   [0;1mSELECT version FROM schema_migrations[0m
Migrating to CreateUsers (20100316091421)
Migrating to CreateDepartments (20100317065912)
  [4;35;1mSQL (0.2ms)[0m   [0mBEGIN[0m
  [4;36;1mSQL (204.9ms)[0m   [0;1mCREATE TABLE "departments" ("id" serial primary key, "name" character varying(255), "created_at" timestamp, "updated_at" timestamp) [0m
  [4;35;1mSQL (0.8ms)[0m   [0mINSERT INTO schema_migrations (version) VALUES ('20100317065912')[0m
  [4;36;1mSQL (0.9ms)[0m   [0;1mCOMMIT[0m
Migrating to CreateEmployees (20100317070824)
  [4;35;1mSQL (0.4ms)[0m   [0mBEGIN[0m
  [4;36;1mSQL (87.0ms)[0m   [0;1mCREATE TABLE "employees" ("id" serial primary key, "first_name" character varying(255), "last_name" character varying(255), "birthdate" date, "phone" character varying(255), "mobile" character varying(255), "street" character varying(255), "city" character varying(255), "state" character varying(255), "zipcode" character varying(255), "user_id" integer, "department_id" integer, "mgr_id" integer, "created_at" timestamp, "updated_at" timestamp) [0m
  [4;35;1mSQL (0.3ms)[0m   [0mINSERT INTO schema_migrations (version) VALUES ('20100317070824')[0m
  [4;36;1mSQL (0.6ms)[0m   [0;1mCOMMIT[0m
  [4;35;1mSQL (0.2ms)[0m   [0mSELECT version FROM schema_migrations[0m
  [4;36;1mSQL (0.2ms)[0m   [0;1mSET client_min_messages TO 'panic'[0m
  [4;35;1mSQL (0.2ms)[0m   [0mSET client_min_messages TO 'notice'[0m


Processing ActionController::Base#new (for 127.0.0.1 at 2010-03-23 12:32:37) [GET]

NameError (uninitialized constant ApplicationController::CanCan):
  app/controllers/application_controller.rb:13
  app/controllers/user_sessions_controller.rb:1
  /usr/lib/ruby/1.8/webrick/httpserver.rb:104:in `service'
  /usr/lib/ruby/1.8/webrick/httpserver.rb:65:in `run'
  /usr/lib/ruby/1.8/webrick/server.rb:173:in `start_thread'
  /usr/lib/ruby/1.8/webrick/server.rb:162:in `start'
  /usr/lib/ruby/1.8/webrick/server.rb:162:in `start_thread'
  /usr/lib/ruby/1.8/webrick/server.rb:95:in `start'
  /usr/lib/ruby/1.8/webrick/server.rb:92:in `each'
  /usr/lib/ruby/1.8/webrick/server.rb:92:in `start'
  /usr/lib/ruby/1.8/webrick/server.rb:23:in `start'
  /usr/lib/ruby/1.8/webrick/server.rb:82:in `start'

Rendered rescues/_trace (75.4ms)
Rendered rescues/_request_and_response (1.0ms)
Rendering rescues/layout (internal_server_error)
  [4;36;1mSQL (0.1ms)[0m   [0;1mSET client_min_messages TO 'panic'[0m
  [4;35;1mSQL (0.1ms)[0m   [0mSET client_min_messages TO 'notice'[0m


Processing UserSessionsController#new (for 127.0.0.1 at 2010-03-23 12:34:26) [GET]
  Parameters: {"action"=>"new", "controller"=>"user_sessions"}
  [4;36;1mUser Load (20.6ms)[0m   [0;1mSELECT * FROM "users" WHERE ("users"."id" = E'39') LIMIT 1[0m
Rendering user_sessions/new
Completed in 307ms (View: 80, DB: 21) | 200 OK [http://localhost/]
  [4;36;1mSQL (0.2ms)[0m   [0;1mSET client_min_messages TO 'panic'[0m
  [4;35;1mSQL (0.1ms)[0m   [0mSET client_min_messages TO 'notice'[0m
  [4;36;1mSQL (8.6ms)[0m   [0;1mSELECT version FROM schema_migrations[0m
Migrating to CreateUsers (20100316091421)
Migrating to CreateDepartments (20100317065912)
Migrating to CreateEmployees (20100317070824)
Migrating to CreateRoles (20100317114013)
  [4;35;1mSQL (0.9ms)[0m   [0mBEGIN[0m
  [4;36;1mSQL (175.4ms)[0m   [0;1mCREATE TABLE "roles" ("id" serial primary key, "name" character varying(255), "created_at" timestamp, "updated_at" timestamp) [0m
  [4;35;1mSQL (6.6ms)[0m   [0mINSERT INTO schema_migrations (version) VALUES ('20100317114013')[0m
  [4;36;1mSQL (1.7ms)[0m   [0;1mCOMMIT[0m
Migrating to CreateAssignments (20100323070853)
  [4;35;1mSQL (0.4ms)[0m   [0mBEGIN[0m
  [4;36;1mSQL (33.5ms)[0m   [0;1mCREATE TABLE "assignments" ("id" serial primary key, "user_id" integer, "role_id" integer, "created_at" timestamp, "updated_at" timestamp) [0m
  [4;35;1mSQL (0.2ms)[0m   [0mINSERT INTO schema_migrations (version) VALUES ('20100323070853')[0m
  [4;36;1mSQL (0.6ms)[0m   [0;1mCOMMIT[0m
  [4;35;1mSQL (0.2ms)[0m   [0mSELECT version FROM schema_migrations[0m
  [4;36;1mSQL (0.1ms)[0m   [0;1mSET client_min_messages TO 'panic'[0m
  [4;35;1mSQL (0.1ms)[0m   [0mSET client_min_messages TO 'notice'[0m


Processing UserSessionsController#new (for 127.0.0.1 at 2010-03-23 12:51:44) [GET]
  Parameters: {"action"=>"new", "controller"=>"user_sessions"}
  [4;36;1mUser Load (0.8ms)[0m   [0;1mSELECT * FROM "users" WHERE ("users"."id" = E'39') LIMIT 1[0m
Rendering user_sessions/new
Completed in 89ms (View: 62, DB: 1) | 200 OK [http://localhost/]
  [4;35;1mSQL (0.1ms)[0m   [0mSET client_min_messages TO 'panic'[0m
  [4;36;1mSQL (0.1ms)[0m   [0;1mSET client_min_messages TO 'notice'[0m


Processing UsersController#new (for 127.0.0.1 at 2010-03-23 12:51:46) [GET]
  Parameters: {"action"=>"new", "controller"=>"users"}
  [4;35;1mUser Load (0.8ms)[0m   [0mSELECT * FROM "users" WHERE ("users"."id" = E'39') LIMIT 1[0m
Rendering users/new
Rendered users/_form (9.5ms)
Completed in 60ms (View: 44, DB: 1) | 200 OK [http://localhost/account/new]
  [4;36;1mSQL (0.1ms)[0m   [0;1mSET client_min_messages TO 'panic'[0m
  [4;35;1mSQL (0.1ms)[0m   [0mSET client_min_messages TO 'notice'[0m


Processing EmployeesController#index (for 127.0.0.1 at 2010-03-23 12:55:01) [GET]
  Parameters: {"action"=>"index", "controller"=>"employees"}
  [4;36;1mEmployee Load (1.0ms)[0m   [0;1mSELECT * FROM "employees" [0m
Rendering template within layouts/employees
Rendering employees/index
Completed in 32ms (View: 27, DB: 1) | 200 OK [http://localhost/employees]
  [4;35;1mSQL (0.2ms)[0m   [0mSET client_min_messages TO 'panic'[0m
  [4;36;1mSQL (0.1ms)[0m   [0;1mSET client_min_messages TO 'notice'[0m


Processing EmployeesController#new (for 127.0.0.1 at 2010-03-23 12:55:11) [GET]
  Parameters: {"action"=>"new", "controller"=>"employees"}
Rendering template within layouts/employees
Rendering employees/new
Completed in 113ms (View: 104, DB: 0) | 200 OK [http://localhost/employees/new]
  [4;35;1mSQL (0.1ms)[0m   [0mSET client_min_messages TO 'panic'[0m
  [4;36;1mSQL (0.1ms)[0m   [0;1mSET client_min_messages TO 'notice'[0m


Processing DepartmentsController#index (for 127.0.0.1 at 2010-03-23 13:15:19) [GET]
  Parameters: {"action"=>"index", "controller"=>"departments"}
  [4;35;1mDepartment Load (1.1ms)[0m   [0mSELECT * FROM "departments" [0m
Rendering template within layouts/departments
Rendering departments/index
Completed in 28ms (View: 20, DB: 1) | 200 OK [http://localhost/departments]
  [4;36;1mSQL (0.2ms)[0m   [0;1mSET client_min_messages TO 'panic'[0m
  [4;35;1mSQL (0.3ms)[0m   [0mSET client_min_messages TO 'notice'[0m


Processing DepartmentsController#new (for 127.0.0.1 at 2010-03-23 13:15:22) [GET]
  Parameters: {"action"=>"new", "controller"=>"departments"}
Rendering template within layouts/departments
Rendering departments/new
Completed in 30ms (View: 23, DB: 1) | 200 OK [http://localhost/departments/new]
  [4;36;1mSQL (0.1ms)[0m   [0;1mSET client_min_messages TO 'panic'[0m
  [4;35;1mSQL (0.2ms)[0m   [0mSET client_min_messages TO 'notice'[0m


Processing DepartmentsController#create (for 127.0.0.1 at 2010-03-23 13:15:28) [POST]
  Parameters: {"commit"=>"Create", "action"=>"create", "authenticity_token"=>"mOt+/04m10vaiTs3ySClFNC15a316fmhqDsmklwZyaw=", "controller"=>"departments", "department"=>{"name"=>"Operation"}}
  [4;36;1mSQL (0.2ms)[0m   [0;1mBEGIN[0m
  [4;35;1mSQL (14.4ms)[0m   [0mINSERT INTO "departments" ("name", "created_at", "updated_at") VALUES(E'Operation', '2010-03-23 07:45:28.622459', '2010-03-23 07:45:28.622459') RETURNING "id"[0m
  [4;36;1mSQL (0.6ms)[0m   [0;1mCOMMIT[0m
Redirected to http://localhost:3001/departments/1
Completed in 85ms (DB: 16) | 302 Found [http://localhost/departments]
  [4;35;1mSQL (0.1ms)[0m   [0mSET client_min_messages TO 'panic'[0m
  [4;36;1mSQL (0.1ms)[0m   [0;1mSET client_min_messages TO 'notice'[0m


Processing DepartmentsController#show (for 127.0.0.1 at 2010-03-23 13:15:28) [GET]
  Parameters: {"action"=>"show", "id"=>"1", "controller"=>"departments"}
  [4;35;1mDepartment Load (0.4ms)[0m   [0mSELECT * FROM "departments" WHERE ("departments"."id" = 1) [0m
Rendering template within layouts/departments
Rendering departments/show
Completed in 13ms (View: 5, DB: 1) | 200 OK [http://localhost/departments/1]
  [4;36;1mSQL (0.1ms)[0m   [0;1mSET client_min_messages TO 'panic'[0m
  [4;35;1mSQL (0.2ms)[0m   [0mSET client_min_messages TO 'notice'[0m


Processing DepartmentsController#index (for 127.0.0.1 at 2010-03-23 13:15:31) [GET]
  Parameters: {"action"=>"index", "controller"=>"departments"}
  [4;36;1mDepartment Load (0.9ms)[0m   [0;1mSELECT * FROM "departments" [0m
Rendering template within layouts/departments
Rendering departments/index
Completed in 12ms (View: 7, DB: 1) | 200 OK [http://localhost/departments]
  [4;35;1mSQL (0.2ms)[0m   [0mSET client_min_messages TO 'panic'[0m
  [4;36;1mSQL (0.2ms)[0m   [0;1mSET client_min_messages TO 'notice'[0m


Processing DepartmentsController#new (for 127.0.0.1 at 2010-03-23 13:15:46) [GET]
  Parameters: {"action"=>"new", "controller"=>"departments"}
Rendering template within layouts/departments
Rendering departments/new
Completed in 12ms (View: 4, DB: 0) | 200 OK [http://localhost/departments/new]
  [4;35;1mSQL (0.1ms)[0m   [0mSET client_min_messages TO 'panic'[0m
  [4;36;1mSQL (0.1ms)[0m   [0;1mSET client_min_messages TO 'notice'[0m


Processing DepartmentsController#create (for 127.0.0.1 at 2010-03-23 13:16:06) [POST]
  Parameters: {"commit"=>"Create", "action"=>"create", "authenticity_token"=>"mOt+/04m10vaiTs3ySClFNC15a316fmhqDsmklwZyaw=", "controller"=>"departments", "department"=>{"name"=>"Admin"}}
  [4;35;1mSQL (0.1ms)[0m   [0mBEGIN[0m
  [4;36;1mSQL (0.4ms)[0m   [0;1mINSERT INTO "departments" ("name", "created_at", "updated_at") VALUES(E'Admin', '2010-03-23 07:46:06.924939', '2010-03-23 07:46:06.924939') RETURNING "id"[0m
  [4;35;1mSQL (0.8ms)[0m   [0mCOMMIT[0m
Redirected to http://localhost:3001/departments/2
Completed in 13ms (DB: 2) | 302 Found [http://localhost/departments]
  [4;36;1mSQL (0.1ms)[0m   [0;1mSET client_min_messages TO 'panic'[0m
  [4;35;1mSQL (0.1ms)[0m   [0mSET client_min_messages TO 'notice'[0m


Processing DepartmentsController#show (for 127.0.0.1 at 2010-03-23 13:16:07) [GET]
  Parameters: {"action"=>"show", "id"=>"2", "controller"=>"departments"}
  [4;36;1mDepartment Load (0.8ms)[0m   [0;1mSELECT * FROM "departments" WHERE ("departments"."id" = 2) [0m
Rendering template within layouts/departments
Rendering departments/show
Completed in 16ms (View: 4, DB: 1) | 200 OK [http://localhost/departments/2]
  [4;35;1mSQL (0.2ms)[0m   [0mSET client_min_messages TO 'panic'[0m
  [4;36;1mSQL (0.1ms)[0m   [0;1mSET client_min_messages TO 'notice'[0m


Processing DepartmentsController#index (for 127.0.0.1 at 2010-03-23 13:16:08) [GET]
  Parameters: {"action"=>"index", "controller"=>"departments"}
  [4;35;1mDepartment Load (0.9ms)[0m   [0mSELECT * FROM "departments" [0m
Rendering template within layouts/departments
Rendering departments/index
Completed in 15ms (View: 9, DB: 1) | 200 OK [http://localhost/departments]
  [4;36;1mSQL (0.2ms)[0m   [0;1mSET client_min_messages TO 'panic'[0m
  [4;35;1mSQL (0.2ms)[0m   [0mSET client_min_messages TO 'notice'[0m


Processing DepartmentsController#new (for 127.0.0.1 at 2010-03-23 13:16:09) [GET]
  Parameters: {"action"=>"new", "controller"=>"departments"}
Rendering template within layouts/departments
Rendering departments/new
Completed in 11ms (View: 3, DB: 0) | 200 OK [http://localhost/departments/new]
  [4;36;1mSQL (0.2ms)[0m   [0;1mSET client_min_messages TO 'panic'[0m
  [4;35;1mSQL (0.2ms)[0m   [0mSET client_min_messages TO 'notice'[0m


Processing DepartmentsController#create (for 127.0.0.1 at 2010-03-23 13:16:24) [POST]
  Parameters: {"commit"=>"Create", "action"=>"create", "authenticity_token"=>"mOt+/04m10vaiTs3ySClFNC15a316fmhqDsmklwZyaw=", "controller"=>"departments", "department"=>{"name"=>"IT"}}
  [4;36;1mSQL (0.1ms)[0m   [0;1mBEGIN[0m
  [4;35;1mSQL (0.4ms)[0m   [0mINSERT INTO "departments" ("name", "created_at", "updated_at") VALUES(E'IT', '2010-03-23 07:46:24.845396', '2010-03-23 07:46:24.845396') RETURNING "id"[0m
  [4;36;1mSQL (0.5ms)[0m   [0;1mCOMMIT[0m
Redirected to http://localhost:3001/departments/3
Completed in 14ms (DB: 1) | 302 Found [http://localhost/departments]
  [4;35;1mSQL (3.3ms)[0m   [0mSET client_min_messages TO 'panic'[0m
  [4;36;1mSQL (0.2ms)[0m   [0;1mSET client_min_messages TO 'notice'[0m


Processing DepartmentsController#show (for 127.0.0.1 at 2010-03-23 13:16:24) [GET]
  Parameters: {"action"=>"show", "id"=>"3", "controller"=>"departments"}
  [4;35;1mDepartment Load (0.4ms)[0m   [0mSELECT * FROM "departments" WHERE ("departments"."id" = 3) [0m
Rendering template within layouts/departments
Rendering departments/show
Completed in 9ms (View: 2, DB: 4) | 200 OK [http://localhost/departments/3]
  [4;36;1mSQL (0.2ms)[0m   [0;1mSET client_min_messages TO 'panic'[0m
  [4;35;1mSQL (1.3ms)[0m   [0mSET client_min_messages TO 'notice'[0m


Processing DepartmentsController#index (for 127.0.0.1 at 2010-03-23 13:17:16) [GET]
  Parameters: {"action"=>"index", "controller"=>"departments"}
  [4;36;1mDepartment Load (0.9ms)[0m   [0;1mSELECT * FROM "departments" [0m
Rendering template within layouts/departments
Rendering departments/index
Completed in 17ms (View: 12, DB: 2) | 200 OK [http://localhost/departments]
  [4;35;1mSQL (0.2ms)[0m   [0mSET client_min_messages TO 'panic'[0m
  [4;36;1mSQL (0.2ms)[0m   [0;1mSET client_min_messages TO 'notice'[0m


Processing EmployeesController#index (for 127.0.0.1 at 2010-03-23 13:17:21) [GET]
  Parameters: {"action"=>"index", "controller"=>"employees"}
  [4;35;1mEmployee Load (1.4ms)[0m   [0mSELECT * FROM "employees" [0m
Rendering template within layouts/employees
Rendering employees/index
Completed in 11ms (View: 2, DB: 2) | 200 OK [http://localhost/employees]
  [4;36;1mSQL (0.2ms)[0m   [0;1mSET client_min_messages TO 'panic'[0m
  [4;35;1mSQL (0.2ms)[0m   [0mSET client_min_messages TO 'notice'[0m


Processing EmployeesController#new (for 127.0.0.1 at 2010-03-23 13:17:23) [GET]
  Parameters: {"action"=>"new", "controller"=>"employees"}
Rendering template within layouts/employees
Rendering employees/new
Completed in 18ms (View: 11, DB: 0) | 200 OK [http://localhost/employees/new]
  [4;36;1mSQL (0.3ms)[0m   [0;1mSET client_min_messages TO 'panic'[0m
  [4;35;1mSQL (0.2ms)[0m   [0mSET client_min_messages TO 'notice'[0m


Processing EmployeesController#index (for 127.0.0.1 at 2010-03-23 13:32:02) [GET]
  Parameters: {"action"=>"index", "controller"=>"employees"}
  [4;36;1mEmployee Load (0.9ms)[0m   [0;1mSELECT * FROM "employees" [0m
Rendering template within layouts/employees
Rendering employees/index
Completed in 22ms (View: 17, DB: 1) | 200 OK [http://localhost/employees]
  [4;35;1mSQL (0.1ms)[0m   [0mSET client_min_messages TO 'panic'[0m
  [4;36;1mSQL (0.1ms)[0m   [0;1mSET client_min_messages TO 'notice'[0m


Processing EmployeesController#new (for 127.0.0.1 at 2010-03-23 13:32:06) [GET]
  Parameters: {"action"=>"new", "controller"=>"employees"}
  [4;35;1mDepartment Load (0.5ms)[0m   [0mSELECT * FROM "departments" [0m
Rendering template within layouts/employees
Rendering employees/new

ActionView::TemplateError (wrong number of arguments (1 for 2)) on line #43 of app/views/employees/new.html.erb:
40:     <%= f.text_field :zipcode %>
41:   </p>
42:   <p>
43:     <%=label 'Department' %><br />
44:     <%= f.text_field :department_id %>
45:   </p>
46:   <p>

    app/views/employees/new.html.erb:43:in `label'
    app/views/employees/new.html.erb:43
    app/views/employees/new.html.erb:3
    app/controllers/employees_controller.rb:29:in `new'
    /usr/lib/ruby/1.8/webrick/httpserver.rb:104:in `service'
    /usr/lib/ruby/1.8/webrick/httpserver.rb:65:in `run'
    /usr/lib/ruby/1.8/webrick/server.rb:173:in `start_thread'
    /usr/lib/ruby/1.8/webrick/server.rb:162:in `start'
    /usr/lib/ruby/1.8/webrick/server.rb:162:in `start_thread'
    /usr/lib/ruby/1.8/webrick/server.rb:95:in `start'
    /usr/lib/ruby/1.8/webrick/server.rb:92:in `each'
    /usr/lib/ruby/1.8/webrick/server.rb:92:in `start'
    /usr/lib/ruby/1.8/webrick/server.rb:23:in `start'
    /usr/lib/ruby/1.8/webrick/server.rb:82:in `start'

Rendered rescues/_trace (91.5ms)
Rendered rescues/_request_and_response (1.1ms)
Rendering rescues/layout (internal_server_error)
  [4;36;1mSQL (0.1ms)[0m   [0;1mSET client_min_messages TO 'panic'[0m
  [4;35;1mSQL (0.1ms)[0m   [0mSET client_min_messages TO 'notice'[0m


Processing EmployeesController#new (for 127.0.0.1 at 2010-03-23 13:32:58) [GET]
  Parameters: {"action"=>"new", "controller"=>"employees"}
  [4;36;1mDepartment Load (0.5ms)[0m   [0;1mSELECT * FROM "departments" [0m
Rendering template within layouts/employees
Rendering employees/new
Completed in 26ms (View: 16, DB: 1) | 200 OK [http://localhost/employees/new]
  [4;35;1mSQL (0.2ms)[0m   [0mSET client_min_messages TO 'panic'[0m
  [4;36;1mSQL (0.2ms)[0m   [0;1mSET client_min_messages TO 'notice'[0m


Processing EmployeesController#new (for 127.0.0.1 at 2010-03-23 13:37:45) [GET]
  Parameters: {"action"=>"new", "controller"=>"employees"}
  [4;35;1mDepartment Load (0.6ms)[0m   [0mSELECT * FROM "departments" [0m
Rendering template within layouts/employees
Rendering employees/new
Completed in 28ms (View: 17, DB: 1) | 200 OK [http://localhost/employees/new]
  [4;36;1mSQL (0.1ms)[0m   [0;1mSET client_min_messages TO 'panic'[0m
  [4;35;1mSQL (0.1ms)[0m   [0mSET client_min_messages TO 'notice'[0m


Processing EmployeesController#new (for 127.0.0.1 at 2010-03-23 13:38:27) [GET]
  Parameters: {"action"=>"new", "controller"=>"employees"}
  [4;36;1mDepartment Load (0.7ms)[0m   [0;1mSELECT * FROM "departments" [0m
Rendering template within layouts/employees
Rendering employees/new
Completed in 83ms (View: 70, DB: 1) | 200 OK [http://localhost/employees/new]
  [4;35;1mSQL (0.1ms)[0m   [0mSET client_min_messages TO 'panic'[0m
  [4;36;1mSQL (0.1ms)[0m   [0;1mSET client_min_messages TO 'notice'[0m


Processing EmployeesController#create (for 127.0.0.1 at 2010-03-23 13:39:13) [POST]
  Parameters: {"commit"=>"Create", "action"=>"create", "authenticity_token"=>"mOt+/04m10vaiTs3ySClFNC15a316fmhqDsmklwZyaw=", "employee"=>{"city"=>"Mumbai", "birthdate(1i)"=>"2005", "zipcode"=>"400076", "birthdate(2i)"=>"3", "birthdate(3i)"=>"23", "street"=>"C504", "mobile"=>"989898988", "phone"=>"123144", "last_name"=>"N", "department_id"=>"3", "state"=>"MH", "first_name"=>"Pradeep"}, "controller"=>"employees"}
  [4;35;1mSQL (0.2ms)[0m   [0mBEGIN[0m
  [4;36;1mSQL (21.0ms)[0m   [0;1mINSERT INTO "employees" ("city", "created_at", "birthdate", "zipcode", "updated_at", "mgr_id", "street", "mobile", "user_id", "last_name", "phone", "first_name", "state", "department_id") VALUES(E'Mumbai', '2010-03-23 08:09:13.331158', '2005-03-23', E'400076', '2010-03-23 08:09:13.331158', NULL, E'C504', E'989898988', NULL, E'N', E'123144', E'Pradeep', E'MH', 3) RETURNING "id"[0m
  [4;35;1mSQL (0.6ms)[0m   [0mCOMMIT[0m
Redirected to http://localhost:3001/employees/1
Completed in 46ms (DB: 22) | 302 Found [http://localhost/employees]
  [4;36;1mSQL (0.1ms)[0m   [0;1mSET client_min_messages TO 'panic'[0m
  [4;35;1mSQL (0.1ms)[0m   [0mSET client_min_messages TO 'notice'[0m


Processing EmployeesController#show (for 127.0.0.1 at 2010-03-23 13:39:13) [GET]
  Parameters: {"action"=>"show", "id"=>"1", "controller"=>"employees"}
  [4;36;1mEmployee Load (0.5ms)[0m   [0;1mSELECT * FROM "employees" WHERE ("employees"."id" = 1) [0m
Rendering template within layouts/employees
Rendering employees/show
Completed in 30ms (View: 22, DB: 1) | 200 OK [http://localhost/employees/1]
  [4;36;1mSQL (0.2ms)[0m   [0;1mSET client_min_messages TO 'panic'[0m
  [4;35;1mSQL (0.2ms)[0m   [0mSET client_min_messages TO 'notice'[0m


Processing EmployeesController#index (for 127.0.0.1 at 2010-03-23 14:54:36) [GET]
  Parameters: {"action"=>"index", "controller"=>"employees"}
  [4;36;1mEmployee Load (1.0ms)[0m   [0;1mSELECT * FROM "employees" [0m
Rendering template within layouts/employees
Rendering employees/index
Completed in 84ms (View: 78, DB: 1) | 200 OK [http://localhost/employees]
  [4;35;1mSQL (0.1ms)[0m   [0mSET client_min_messages TO 'panic'[0m
  [4;36;1mSQL (0.1ms)[0m   [0;1mSET client_min_messages TO 'notice'[0m


Processing EmployeesController#edit (for 127.0.0.1 at 2010-03-23 14:54:38) [GET]
  Parameters: {"action"=>"edit", "id"=>"1", "controller"=>"employees"}
  [4;35;1mEmployee Load (0.6ms)[0m   [0mSELECT * FROM "employees" WHERE ("employees"."id" = 1) [0m
Rendering template within layouts/employees
Rendering employees/edit
Completed in 64ms (View: 56, DB: 1) | 200 OK [http://localhost/employees/1/edit]
  [4;36;1mSQL (0.2ms)[0m   [0;1mSET client_min_messages TO 'panic'[0m
  [4;35;1mSQL (0.1ms)[0m   [0mSET client_min_messages TO 'notice'[0m


Processing EmployeesController#index (for 127.0.0.1 at 2010-03-23 14:54:43) [GET]
  Parameters: {"action"=>"index", "controller"=>"employees"}
  [4;36;1mEmployee Load (1.1ms)[0m   [0;1mSELECT * FROM "employees" [0m
Rendering template within layouts/employees
Rendering employees/index
Completed in 14ms (View: 8, DB: 1) | 200 OK [http://localhost/employees]
  [4;35;1mSQL (0.2ms)[0m   [0mSET client_min_messages TO 'panic'[0m
  [4;36;1mSQL (0.2ms)[0m   [0;1mSET client_min_messages TO 'notice'[0m


Processing EmployeesController#new (for 127.0.0.1 at 2010-03-23 14:57:45) [GET]
  Parameters: {"action"=>"new", "controller"=>"employees"}
  [4;35;1mDepartment Load (0.5ms)[0m   [0mSELECT * FROM "departments" [0m
Rendering template within layouts/employees
Rendering employees/new
Completed in 121ms (View: 111, DB: 1) | 200 OK [http://localhost/employees/new]
  [4;36;1mSQL (0.1ms)[0m   [0;1mSET client_min_messages TO 'panic'[0m
  [4;35;1mSQL (0.1ms)[0m   [0mSET client_min_messages TO 'notice'[0m


Processing EmployeesController#index (for 127.0.0.1 at 2010-03-23 14:57:47) [GET]
  Parameters: {"action"=>"index", "controller"=>"employees"}
  [4;36;1mEmployee Load (1.0ms)[0m   [0;1mSELECT * FROM "employees" [0m
Rendering template within layouts/employees
Rendering employees/index
Completed in 14ms (View: 9, DB: 1) | 200 OK [http://localhost/employees]
  [4;35;1mSQL (0.1ms)[0m   [0mSET client_min_messages TO 'panic'[0m
  [4;36;1mSQL (0.1ms)[0m   [0;1mSET client_min_messages TO 'notice'[0m


Processing EmployeesController#edit (for 127.0.0.1 at 2010-03-23 14:57:49) [GET]
  Parameters: {"action"=>"edit", "id"=>"1", "controller"=>"employees"}
  [4;35;1mEmployee Load (0.6ms)[0m   [0mSELECT * FROM "employees" WHERE ("employees"."id" = 1) [0m
  [4;36;1mDepartment Load (0.5ms)[0m   [0;1mSELECT * FROM "departments" [0m
Rendering template within layouts/employees
Rendering employees/edit
Completed in 39ms (View: 28, DB: 1) | 200 OK [http://localhost/employees/1/edit]
  [4;35;1mSQL (0.1ms)[0m   [0mSET client_min_messages TO 'panic'[0m
  [4;36;1mSQL (0.1ms)[0m   [0;1mSET client_min_messages TO 'notice'[0m


Processing EmployeesController#index (for 127.0.0.1 at 2010-03-23 14:57:55) [GET]
  Parameters: {"action"=>"index", "controller"=>"employees"}
  [4;35;1mEmployee Load (1.0ms)[0m   [0mSELECT * FROM "employees" [0m
Rendering template within layouts/employees
Rendering employees/index
Completed in 13ms (View: 8, DB: 1) | 200 OK [http://localhost/employees]
  [4;36;1mSQL (0.1ms)[0m   [0;1mSET client_min_messages TO 'panic'[0m
  [4;35;1mSQL (0.1ms)[0m   [0mSET client_min_messages TO 'notice'[0m


Processing EmployeesController#new (for 127.0.0.1 at 2010-03-23 14:58:24) [GET]
  Parameters: {"action"=>"new", "controller"=>"employees"}
  [4;36;1mDepartment Load (0.5ms)[0m   [0;1mSELECT * FROM "departments" [0m
Rendering template within layouts/employees
Rendering employees/new
Completed in 77ms (View: 14, DB: 1) | 200 OK [http://localhost/employees/new]
  [4;35;1mSQL (0.1ms)[0m   [0mSET client_min_messages TO 'panic'[0m
  [4;36;1mSQL (0.1ms)[0m   [0;1mSET client_min_messages TO 'notice'[0m


Processing EmployeesController#index (for 127.0.0.1 at 2010-03-23 14:58:26) [GET]
  Parameters: {"action"=>"index", "controller"=>"employees"}
  [4;35;1mEmployee Load (1.1ms)[0m   [0mSELECT * FROM "employees" [0m
Rendering template within layouts/employees
Rendering employees/index
Completed in 15ms (View: 8, DB: 1) | 200 OK [http://localhost/employees]
  [4;36;1mSQL (0.2ms)[0m   [0;1mSET client_min_messages TO 'panic'[0m
  [4;35;1mSQL (0.1ms)[0m   [0mSET client_min_messages TO 'notice'[0m


Processing EmployeesController#show (for 127.0.0.1 at 2010-03-23 14:58:27) [GET]
  Parameters: {"action"=>"show", "id"=>"1", "controller"=>"employees"}
  [4;36;1mEmployee Load (0.6ms)[0m   [0;1mSELECT * FROM "employees" WHERE ("employees"."id" = 1) [0m
Rendering template within layouts/employees
Rendering employees/show
Completed in 15ms (View: 6, DB: 1) | 200 OK [http://localhost/employees/1]
  [4;35;1mSQL (0.1ms)[0m   [0mSET client_min_messages TO 'panic'[0m
  [4;36;1mSQL (0.1ms)[0m   [0;1mSET client_min_messages TO 'notice'[0m


Processing EmployeesController#index (for 127.0.0.1 at 2010-03-23 14:58:31) [GET]
  Parameters: {"action"=>"index", "controller"=>"employees"}
  [4;35;1mEmployee Load (1.0ms)[0m   [0mSELECT * FROM "employees" [0m
Rendering template within layouts/employees
Rendering employees/index
Completed in 16ms (View: 11, DB: 1) | 200 OK [http://localhost/employees]
  [4;36;1mSQL (0.2ms)[0m   [0;1mSET client_min_messages TO 'panic'[0m
  [4;35;1mSQL (0.1ms)[0m   [0mSET client_min_messages TO 'notice'[0m


Processing UserSessionsController#new (for 127.0.0.1 at 2010-03-23 15:03:55) [GET]
  Parameters: {"action"=>"new", "controller"=>"user_sessions"}
Rendering user_sessions/new

ActionView::TemplateError (undefined local variable or method `new_account_path' for #<ActionView::Base:0x7ffa36d1f0a0>) on line #16 of app/views/user_sessions/new.html.erb:
13:   <%= f.submit "Login" %>
14: <% end %>
15: 
16: <%=link_to 'Register' ,new_account_path%>

    app/views/user_sessions/new.html.erb:16
    /usr/lib/ruby/1.8/webrick/httpserver.rb:104:in `service'
    /usr/lib/ruby/1.8/webrick/httpserver.rb:65:in `run'
    /usr/lib/ruby/1.8/webrick/server.rb:173:in `start_thread'
    /usr/lib/ruby/1.8/webrick/server.rb:162:in `start'
    /usr/lib/ruby/1.8/webrick/server.rb:162:in `start_thread'
    /usr/lib/ruby/1.8/webrick/server.rb:95:in `start'
    /usr/lib/ruby/1.8/webrick/server.rb:92:in `each'
    /usr/lib/ruby/1.8/webrick/server.rb:92:in `start'
    /usr/lib/ruby/1.8/webrick/server.rb:23:in `start'
    /usr/lib/ruby/1.8/webrick/server.rb:82:in `start'

Rendered rescues/_trace (32.5ms)
Rendered rescues/_request_and_response (1.0ms)
Rendering rescues/layout (internal_server_error)
  [4;36;1mSQL (0.1ms)[0m   [0;1mSET client_min_messages TO 'panic'[0m
  [4;35;1mSQL (0.1ms)[0m   [0mSET client_min_messages TO 'notice'[0m


Processing UserSessionsController#new (for 127.0.0.1 at 2010-03-23 15:04:11) [GET]
  Parameters: {"action"=>"new", "controller"=>"user_sessions"}
Rendering user_sessions/new
Completed in 19ms (View: 6, DB: 0) | 200 OK [http://localhost/]
  [4;36;1mSQL (0.2ms)[0m   [0;1mSET client_min_messages TO 'panic'[0m
  [4;35;1mSQL (0.2ms)[0m   [0mSET client_min_messages TO 'notice'[0m


Processing UsersController#new (for 127.0.0.1 at 2010-03-23 15:04:17) [GET]
  Parameters: {"action"=>"new", "controller"=>"users"}
Rendering users/new

ActionView::TemplateError (user_url failed to generate from {:controller=>"users", :action=>"show"} - you may have ambiguous routes, or you may need to supply additional parameters for this route.  content_url has the following required parameters: ["users", :id] - are they all satisfied?) on line #3 of app/views/users/new.html.erb:
1: <h1>Register</h1>
2:  
3: <% form_for @user, :url => user_path do |f| %>
4:   <%= f.error_messages %>
5:   <%= render :partial => "form", :object => f %>
6:   <%= f.submit "Register" %>

    (eval):16:in `user_path'
    app/views/users/new.html.erb:3
    /usr/lib/ruby/1.8/webrick/httpserver.rb:104:in `service'
    /usr/lib/ruby/1.8/webrick/httpserver.rb:65:in `run'
    /usr/lib/ruby/1.8/webrick/server.rb:173:in `start_thread'
    /usr/lib/ruby/1.8/webrick/server.rb:162:in `start'
    /usr/lib/ruby/1.8/webrick/server.rb:162:in `start_thread'
    /usr/lib/ruby/1.8/webrick/server.rb:95:in `start'
    /usr/lib/ruby/1.8/webrick/server.rb:92:in `each'
    /usr/lib/ruby/1.8/webrick/server.rb:92:in `start'
    /usr/lib/ruby/1.8/webrick/server.rb:23:in `start'
    /usr/lib/ruby/1.8/webrick/server.rb:82:in `start'

Rendered rescues/_trace (39.8ms)
Rendered rescues/_request_and_response (0.3ms)
Rendering rescues/layout (internal_server_error)
  [4;36;1mSQL (0.1ms)[0m   [0;1mSET client_min_messages TO 'panic'[0m
  [4;35;1mSQL (0.1ms)[0m   [0mSET client_min_messages TO 'notice'[0m


Processing UsersController#index (for 127.0.0.1 at 2010-03-23 15:05:53) [GET]
  Parameters: {"action"=>"index", "controller"=>"users"}

ActionController::UnknownAction (No action responded to index. Actions: create, edit, new, show, and update):
  /usr/lib/ruby/1.8/webrick/httpserver.rb:104:in `service'
  /usr/lib/ruby/1.8/webrick/httpserver.rb:65:in `run'
  /usr/lib/ruby/1.8/webrick/server.rb:173:in `start_thread'
  /usr/lib/ruby/1.8/webrick/server.rb:162:in `start'
  /usr/lib/ruby/1.8/webrick/server.rb:162:in `start_thread'
  /usr/lib/ruby/1.8/webrick/server.rb:95:in `start'
  /usr/lib/ruby/1.8/webrick/server.rb:92:in `each'
  /usr/lib/ruby/1.8/webrick/server.rb:92:in `start'
  /usr/lib/ruby/1.8/webrick/server.rb:23:in `start'
  /usr/lib/ruby/1.8/webrick/server.rb:82:in `start'

Rendering rescues/layout (not_found)
  [4;36;1mSQL (0.1ms)[0m   [0;1mSET client_min_messages TO 'panic'[0m
  [4;35;1mSQL (0.1ms)[0m   [0mSET client_min_messages TO 'notice'[0m


Processing UsersController#new (for 127.0.0.1 at 2010-03-23 15:06:01) [GET]
  Parameters: {"action"=>"new", "controller"=>"users"}
Rendering users/new

ActionView::TemplateError (user_url failed to generate from {:controller=>"users", :action=>"show"} - you may have ambiguous routes, or you may need to supply additional parameters for this route.  content_url has the following required parameters: ["users", :id] - are they all satisfied?) on line #3 of app/views/users/new.html.erb:
1: <h1>Register</h1>
2:  
3: <% form_for @user, :url => user_path do |f| %>
4:   <%= f.error_messages %>
5:   <%= render :partial => "form", :object => f %>
6:   <%= f.submit "Register" %>

    (eval):16:in `user_path'
    app/views/users/new.html.erb:3
    /usr/lib/ruby/1.8/webrick/httpserver.rb:104:in `service'
    /usr/lib/ruby/1.8/webrick/httpserver.rb:65:in `run'
    /usr/lib/ruby/1.8/webrick/server.rb:173:in `start_thread'
    /usr/lib/ruby/1.8/webrick/server.rb:162:in `start'
    /usr/lib/ruby/1.8/webrick/server.rb:162:in `start_thread'
    /usr/lib/ruby/1.8/webrick/server.rb:95:in `start'
    /usr/lib/ruby/1.8/webrick/server.rb:92:in `each'
    /usr/lib/ruby/1.8/webrick/server.rb:92:in `start'
    /usr/lib/ruby/1.8/webrick/server.rb:23:in `start'
    /usr/lib/ruby/1.8/webrick/server.rb:82:in `start'

Rendered rescues/_trace (33.2ms)
Rendered rescues/_request_and_response (0.3ms)
Rendering rescues/layout (internal_server_error)
  [4;36;1mSQL (0.1ms)[0m   [0;1mSET client_min_messages TO 'panic'[0m
  [4;35;1mSQL (0.1ms)[0m   [0mSET client_min_messages TO 'notice'[0m


Processing UsersController#new (for 127.0.0.1 at 2010-03-23 15:14:29) [GET]
  Parameters: {"action"=>"new", "controller"=>"users"}
Rendering users/new

ActionView::TemplateError (user_url failed to generate from {:controller=>"users", :action=>"show"} - you may have ambiguous routes, or you may need to supply additional parameters for this route.  content_url has the following required parameters: ["users", :id] - are they all satisfied?) on line #3 of app/views/users/new.html.erb:
1: <h1>Register</h1>
2:  
3: <% form_for @user, :url => user_path do |f| %>
4:   <%= f.error_messages %>
5:   <%= render :partial => "form", :object => f %>
6:   <%= f.submit "Register" %>

    (eval):16:in `user_path'
    app/views/users/new.html.erb:3
    /usr/lib/ruby/1.8/webrick/httpserver.rb:104:in `service'
    /usr/lib/ruby/1.8/webrick/httpserver.rb:65:in `run'
    /usr/lib/ruby/1.8/webrick/server.rb:173:in `start_thread'
    /usr/lib/ruby/1.8/webrick/server.rb:162:in `start'
    /usr/lib/ruby/1.8/webrick/server.rb:162:in `start_thread'
    /usr/lib/ruby/1.8/webrick/server.rb:95:in `start'
    /usr/lib/ruby/1.8/webrick/server.rb:92:in `each'
    /usr/lib/ruby/1.8/webrick/server.rb:92:in `start'
    /usr/lib/ruby/1.8/webrick/server.rb:23:in `start'
    /usr/lib/ruby/1.8/webrick/server.rb:82:in `start'

Rendered rescues/_trace (99.6ms)
Rendered rescues/_request_and_response (0.3ms)
Rendering rescues/layout (internal_server_error)
  [4;36;1mSQL (0.1ms)[0m   [0;1mSET client_min_messages TO 'panic'[0m
  [4;35;1mSQL (0.3ms)[0m   [0mSET client_min_messages TO 'notice'[0m


Processing UsersController#new (for 127.0.0.1 at 2010-03-23 15:14:33) [GET]
  Parameters: {"action"=>"new", "controller"=>"users"}
Rendering users/new

ActionView::TemplateError (user_url failed to generate from {:controller=>"users", :action=>"show"} - you may have ambiguous routes, or you may need to supply additional parameters for this route.  content_url has the following required parameters: ["users", :id] - are they all satisfied?) on line #3 of app/views/users/new.html.erb:
1: <h1>Register</h1>
2:  
3: <% form_for @user, :url => user_path do |f| %>
4:   <%= f.error_messages %>
5:   <%= render :partial => "form", :object => f %>
6:   <%= f.submit "Register" %>

    (eval):16:in `user_path'
    app/views/users/new.html.erb:3
    /usr/lib/ruby/1.8/webrick/httpserver.rb:104:in `service'
    /usr/lib/ruby/1.8/webrick/httpserver.rb:65:in `run'
    /usr/lib/ruby/1.8/webrick/server.rb:173:in `start_thread'
    /usr/lib/ruby/1.8/webrick/server.rb:162:in `start'
    /usr/lib/ruby/1.8/webrick/server.rb:162:in `start_thread'
    /usr/lib/ruby/1.8/webrick/server.rb:95:in `start'
    /usr/lib/ruby/1.8/webrick/server.rb:92:in `each'
    /usr/lib/ruby/1.8/webrick/server.rb:92:in `start'
    /usr/lib/ruby/1.8/webrick/server.rb:23:in `start'
    /usr/lib/ruby/1.8/webrick/server.rb:82:in `start'

Rendered rescues/_trace (30.7ms)
Rendered rescues/_request_and_response (0.2ms)
Rendering rescues/layout (internal_server_error)
  [4;36;1mSQL (0.1ms)[0m   [0;1mSET client_min_messages TO 'panic'[0m
  [4;35;1mSQL (0.1ms)[0m   [0mSET client_min_messages TO 'notice'[0m


Processing UsersController#new (for 127.0.0.1 at 2010-03-23 15:14:42) [GET]
  Parameters: {"action"=>"new", "controller"=>"users"}
Rendering users/new

ActionView::TemplateError (user_url failed to generate from {:controller=>"users", :action=>"show"} - you may have ambiguous routes, or you may need to supply additional parameters for this route.  content_url has the following required parameters: ["users", :id] - are they all satisfied?) on line #3 of app/views/users/new.html.erb:
1: <h1>Register</h1>
2:  
3: <% form_for @user, :url => user_path do |f| %>
4:   <%= f.error_messages %>
5:   <%= render :partial => "form", :object => f %>
6:   <%= f.submit "Register" %>

    (eval):16:in `user_path'
    app/views/users/new.html.erb:3
    /usr/lib/ruby/1.8/webrick/httpserver.rb:104:in `service'
    /usr/lib/ruby/1.8/webrick/httpserver.rb:65:in `run'
    /usr/lib/ruby/1.8/webrick/server.rb:173:in `start_thread'
    /usr/lib/ruby/1.8/webrick/server.rb:162:in `start'
    /usr/lib/ruby/1.8/webrick/server.rb:162:in `start_thread'
    /usr/lib/ruby/1.8/webrick/server.rb:95:in `start'
    /usr/lib/ruby/1.8/webrick/server.rb:92:in `each'
    /usr/lib/ruby/1.8/webrick/server.rb:92:in `start'
    /usr/lib/ruby/1.8/webrick/server.rb:23:in `start'
    /usr/lib/ruby/1.8/webrick/server.rb:82:in `start'

Rendered rescues/_trace (31.0ms)
Rendered rescues/_request_and_response (0.2ms)
Rendering rescues/layout (internal_server_error)
  [4;36;1mSQL (0.1ms)[0m   [0;1mSET client_min_messages TO 'panic'[0m
  [4;35;1mSQL (0.1ms)[0m   [0mSET client_min_messages TO 'notice'[0m


Processing UsersController#new (for 127.0.0.1 at 2010-03-23 15:16:15) [GET]
  Parameters: {"action"=>"new", "controller"=>"users"}
Rendering users/new
Rendered users/_form (7.0ms)
Completed in 29ms (View: 16, DB: 0) | 200 OK [http://localhost/users/new]
  [4;36;1mSQL (0.0ms)[0m   [0;1mSET NAMES 'utf8'[0m
  [4;35;1mSQL (0.0ms)[0m   [0mSET SQL_AUTO_IS_NULL=0[0m
  [4;36;1mSQL (0.0ms)[0m   [0;1mSHOW TABLES[0m
  [4;35;1mSQL (62.0ms)[0m   [0mCREATE TABLE `schema_migrations` (`version` varchar(255) NOT NULL) ENGINE=InnoDB[0m
  [4;36;1mSQL (187.0ms)[0m   [0;1mCREATE UNIQUE INDEX `unique_schema_migrations` ON `schema_migrations` (`version`)[0m
  [4;35;1mSQL (0.0ms)[0m   [0mSHOW TABLES[0m
  [4;36;1mSQL (0.0ms)[0m   [0;1mSELECT version FROM schema_migrations[0m
Migrating to CreateUsers (20100316091421)
  [4;35;1mSQL (62.0ms)[0m   [0mCREATE TABLE `users` (`id` int(11) DEFAULT NULL auto_increment PRIMARY KEY, `login` varchar(255) NOT NULL, `email` varchar(255) NOT NULL, `crypted_password` varchar(255) NOT NULL, `password_salt` varchar(255) NOT NULL, `persistence_token` varchar(255) NOT NULL, `single_access_token` varchar(255) NOT NULL, `perishable_token` varchar(255) NOT NULL, `login_count` int(11) DEFAULT 0 NOT NULL, `failed_login_count` int(11) DEFAULT 0 NOT NULL, `last_request_at` datetime, `current_login_at` datetime, `last_login_at` datetime, `current_login_ip` varchar(255), `last_login_ip` varchar(255), `created_at` datetime, `updated_at` datetime) ENGINE=InnoDB[0m
  [4;36;1mSQL (16.0ms)[0m   [0;1mINSERT INTO schema_migrations (version) VALUES ('20100316091421')[0m
Migrating to CreateDepartments (20100317065912)
  [4;35;1mSQL (93.0ms)[0m   [0mCREATE TABLE `departments` (`id` int(11) DEFAULT NULL auto_increment PRIMARY KEY, `name` varchar(255), `created_at` datetime, `updated_at` datetime) ENGINE=InnoDB[0m
  [4;36;1mSQL (16.0ms)[0m   [0;1mINSERT INTO schema_migrations (version) VALUES ('20100317065912')[0m
Migrating to CreateEmployees (20100317070824)
  [4;35;1mSQL (78.0ms)[0m   [0mCREATE TABLE `employees` (`id` int(11) DEFAULT NULL auto_increment PRIMARY KEY, `first_name` varchar(255), `last_name` varchar(255), `birthdate` date, `phone` varchar(255), `mobile` varchar(255), `street` varchar(255), `city` varchar(255), `state` varchar(255), `zipcode` varchar(255), `user_id` int(11), `department_id` int(11), `mgr_id` int(11), `created_at` datetime, `updated_at` datetime) ENGINE=InnoDB[0m
  [4;36;1mSQL (16.0ms)[0m   [0;1mINSERT INTO schema_migrations (version) VALUES ('20100317070824')[0m
Migrating to CreateRoles (20100317114013)
  [4;35;1mSQL (63.0ms)[0m   [0mCREATE TABLE `roles` (`id` int(11) DEFAULT NULL auto_increment PRIMARY KEY, `name` varchar(255), `created_at` datetime, `updated_at` datetime) ENGINE=InnoDB[0m
  [4;36;1mSQL (15.0ms)[0m   [0;1mINSERT INTO schema_migrations (version) VALUES ('20100317114013')[0m
Migrating to CreateAssignments (20100323070853)
  [4;35;1mSQL (62.0ms)[0m   [0mCREATE TABLE `assignments` (`id` int(11) DEFAULT NULL auto_increment PRIMARY KEY, `user_id` int(11), `role_id` int(11), `created_at` datetime, `updated_at` datetime) ENGINE=InnoDB[0m
  [4;36;1mSQL (16.0ms)[0m   [0;1mINSERT INTO schema_migrations (version) VALUES ('20100323070853')[0m
  [4;35;1mSQL (0.0ms)[0m   [0mSHOW TABLES[0m
  [4;36;1mSQL (0.0ms)[0m   [0;1mSELECT version FROM schema_migrations[0m
  [4;35;1mSQL (0.0ms)[0m   [0mSHOW TABLES[0m
  [4;36;1mSQL (0.0ms)[0m   [0;1mSHOW FIELDS FROM `assignments`[0m
  [4;35;1mSQL (16.0ms)[0m   [0mdescribe `assignments`[0m
  [4;36;1mSQL (0.0ms)[0m   [0;1mSHOW KEYS FROM `assignments`[0m
  [4;35;1mSQL (15.0ms)[0m   [0mSHOW FIELDS FROM `departments`[0m
  [4;36;1mSQL (16.0ms)[0m   [0;1mdescribe `departments`[0m
  [4;35;1mSQL (0.0ms)[0m   [0mSHOW KEYS FROM `departments`[0m
  [4;36;1mSQL (16.0ms)[0m   [0;1mSHOW FIELDS FROM `employees`[0m
  [4;35;1mSQL (15.0ms)[0m   [0mdescribe `employees`[0m
  [4;36;1mSQL (0.0ms)[0m   [0;1mSHOW KEYS FROM `employees`[0m
  [4;35;1mSQL (0.0ms)[0m   [0mSHOW FIELDS FROM `roles`[0m
  [4;36;1mSQL (16.0ms)[0m   [0;1mdescribe `roles`[0m
  [4;35;1mSQL (15.0ms)[0m   [0mSHOW KEYS FROM `roles`[0m
  [4;36;1mSQL (0.0ms)[0m   [0;1mSHOW FIELDS FROM `users`[0m
  [4;35;1mSQL (16.0ms)[0m   [0mdescribe `users`[0m
  [4;36;1mSQL (0.0ms)[0m   [0;1mSHOW KEYS FROM `users`[0m
  [4;36;1mSQL (0.0ms)[0m   [0;1mSET NAMES 'utf8'[0m
  [4;35;1mSQL (0.0ms)[0m   [0mSET SQL_AUTO_IS_NULL=0[0m


Processing UserSessionsController#new (for 127.0.0.1 at 2010-03-24 22:50:08) [GET]
  Parameters: {"action"=>"new", "controller"=>"user_sessions"}
  [4;36;1mUser Columns (47.0ms)[0m   [0;1mSHOW FIELDS FROM `users`[0m
Rendering user_sessions/new
Completed in 2528ms (View: 63, DB: 47) | 200 OK [http://localhost/]
  [4;35;1mSQL (0.0ms)[0m   [0mSET NAMES 'utf8'[0m
  [4;36;1mSQL (0.0ms)[0m   [0;1mSET SQL_AUTO_IS_NULL=0[0m


Processing UsersController#new (for 127.0.0.1 at 2010-03-24 22:50:47) [GET]
  Parameters: {"action"=>"new", "controller"=>"users"}
  [4;35;1mUser Columns (63.0ms)[0m   [0mSHOW FIELDS FROM `users`[0m
Rendering users/new

ActionView::TemplateError (undefined method `first_name' for #<User:0x7389cec>) on line #2 of app/views/users/_form.html.erb:
1: <%= form.label :first_name %><br />
2: <%= form.text_field :first_name %><br />
3: <br />
4: <%= form.label :last_name %><br />
5: <%= form.text_field :last_name %><br />

    app/views/users/_form.html.erb:2
    app/views/users/new.html.erb:5
    app/views/users/new.html.erb:3
    C:/Ruby/lib/ruby/1.8/webrick/httpserver.rb:104:in `service'
    C:/Ruby/lib/ruby/1.8/webrick/httpserver.rb:65:in `run'
    C:/Ruby/lib/ruby/1.8/webrick/server.rb:173:in `start_thread'
    C:/Ruby/lib/ruby/1.8/webrick/server.rb:162:in `start'
    C:/Ruby/lib/ruby/1.8/webrick/server.rb:162:in `start_thread'
    C:/Ruby/lib/ruby/1.8/webrick/server.rb:95:in `start'
    C:/Ruby/lib/ruby/1.8/webrick/server.rb:92:in `each'
    C:/Ruby/lib/ruby/1.8/webrick/server.rb:92:in `start'
    C:/Ruby/lib/ruby/1.8/webrick/server.rb:23:in `start'
    C:/Ruby/lib/ruby/1.8/webrick/server.rb:82:in `start'

Rendered rescues/_trace (141.0ms)
Rendered rescues/_request_and_response (0.0ms)
Rendering rescues/layout (internal_server_error)
  [4;36;1mSQL (0.0ms)[0m   [0;1mSET NAMES 'utf8'[0m
  [4;35;1mSQL (0.0ms)[0m   [0mSET SQL_AUTO_IS_NULL=0[0m


Processing UsersController#new (for 127.0.0.1 at 2010-03-24 22:52:24) [GET]
  Parameters: {"action"=>"new", "controller"=>"users"}
  [4;36;1mUser Columns (0.0ms)[0m   [0;1mSHOW FIELDS FROM `users`[0m
Rendering users/new
Rendered users/_form (0.0ms)
Completed in 47ms (View: 15, DB: 0) | 200 OK [http://localhost/users/new]
  [4;35;1mSQL (0.0ms)[0m   [0mSET NAMES 'utf8'[0m
  [4;36;1mSQL (0.0ms)[0m   [0;1mSET SQL_AUTO_IS_NULL=0[0m


Processing EmployeesController#index (for 127.0.0.1 at 2010-03-24 22:52:35) [GET]
  Parameters: {"action"=>"index", "controller"=>"employees"}
  [4;35;1mEmployee Load (0.0ms)[0m   [0mSELECT * FROM `employees` [0m
Rendering template within layouts/employees
Rendering employees/index
Completed in 32ms (View: 32, DB: 0) | 200 OK [http://localhost/employees/]
  [4;36;1mSQL (0.0ms)[0m   [0;1mSET NAMES 'utf8'[0m
  [4;35;1mSQL (0.0ms)[0m   [0mSET SQL_AUTO_IS_NULL=0[0m


Processing EmployeesController#new (for 127.0.0.1 at 2010-03-24 22:52:37) [GET]
  Parameters: {"action"=>"new", "controller"=>"employees"}
  [4;36;1mEmployee Columns (31.0ms)[0m   [0;1mSHOW FIELDS FROM `employees`[0m
  [4;35;1mDepartment Load (0.0ms)[0m   [0mSELECT * FROM `departments` [0m
Rendering template within layouts/employees
Rendering employees/new
Completed in 561ms (View: 499, DB: 31) | 200 OK [http://localhost/employees/new]
  [4;36;1mSQL (0.0ms)[0m   [0;1mSET NAMES 'utf8'[0m
  [4;35;1mSQL (0.0ms)[0m   [0mSET SQL_AUTO_IS_NULL=0[0m


Processing DepartmentsController#index (for 127.0.0.1 at 2010-03-24 22:52:54) [GET]
  Parameters: {"action"=>"index", "controller"=>"departments"}
  [4;36;1mDepartment Load (0.0ms)[0m   [0;1mSELECT * FROM `departments` [0m
Rendering template within layouts/departments
Rendering departments/index
Completed in 31ms (View: 16, DB: 0) | 200 OK [http://localhost/departments/]
  [4;35;1mSQL (0.0ms)[0m   [0mSET NAMES 'utf8'[0m
  [4;36;1mSQL (0.0ms)[0m   [0;1mSET SQL_AUTO_IS_NULL=0[0m


Processing DepartmentsController#new (for 127.0.0.1 at 2010-03-24 22:52:55) [GET]
  Parameters: {"action"=>"new", "controller"=>"departments"}
  [4;35;1mDepartment Columns (31.0ms)[0m   [0mSHOW FIELDS FROM `departments`[0m
Rendering template within layouts/departments
Rendering departments/new
Completed in 125ms (View: 16, DB: 31) | 200 OK [http://localhost/departments/new]
  [4;36;1mSQL (0.0ms)[0m   [0;1mSET NAMES 'utf8'[0m
  [4;35;1mSQL (0.0ms)[0m   [0mSET SQL_AUTO_IS_NULL=0[0m


Processing DepartmentsController#create (for 127.0.0.1 at 2010-03-24 22:53:01) [POST]
  Parameters: {"department"=>{"name"=>"Operation"}, "commit"=>"Create", "action"=>"create", "authenticity_token"=>"LMrz/NNCwb7o/6aZjxr6/ybWfqszN/2c/QjD1Tca90A=", "controller"=>"departments"}
  [4;36;1mDepartment Columns (16.0ms)[0m   [0;1mSHOW FIELDS FROM `departments`[0m
  [4;35;1mSQL (0.0ms)[0m   [0mBEGIN[0m
  [4;36;1mDepartment Create (0.0ms)[0m   [0;1mINSERT INTO `departments` (`name`, `updated_at`, `created_at`) VALUES('Operation', '2010-03-24 17:23:01', '2010-03-24 17:23:01')[0m
  [4;35;1mSQL (16.0ms)[0m   [0mCOMMIT[0m
Redirected to http://localhost:3000/departments/1
Completed in 47ms (DB: 32) | 302 Found [http://localhost/departments]
  [4;36;1mSQL (0.0ms)[0m   [0;1mSET NAMES 'utf8'[0m
  [4;35;1mSQL (0.0ms)[0m   [0mSET SQL_AUTO_IS_NULL=0[0m


Processing DepartmentsController#show (for 127.0.0.1 at 2010-03-24 22:53:01) [GET]
  Parameters: {"action"=>"show", "id"=>"1", "controller"=>"departments"}
  [4;36;1mDepartment Columns (0.0ms)[0m   [0;1mSHOW FIELDS FROM `departments`[0m
  [4;35;1mDepartment Load (0.0ms)[0m   [0mSELECT * FROM `departments` WHERE (`departments`.`id` = 1) [0m
Rendering template within layouts/departments
Rendering departments/show
Completed in 31ms (View: 15, DB: 0) | 200 OK [http://localhost/departments/1]
  [4;36;1mSQL (0.0ms)[0m   [0;1mSET NAMES 'utf8'[0m
  [4;35;1mSQL (16.0ms)[0m   [0mSET SQL_AUTO_IS_NULL=0[0m


Processing DepartmentsController#index (for 127.0.0.1 at 2010-03-24 22:53:03) [GET]
  Parameters: {"action"=>"index", "controller"=>"departments"}
  [4;36;1mDepartment Load (0.0ms)[0m   [0;1mSELECT * FROM `departments` [0m
Rendering template within layouts/departments
Rendering departments/index
  [4;35;1mDepartment Columns (47.0ms)[0m   [0mSHOW FIELDS FROM `departments`[0m
Completed in 63ms (View: 0, DB: 63) | 200 OK [http://localhost/departments]
  [4;36;1mSQL (0.0ms)[0m   [0;1mSET NAMES 'utf8'[0m
  [4;35;1mSQL (0.0ms)[0m   [0mSET SQL_AUTO_IS_NULL=0[0m


Processing DepartmentsController#new (for 127.0.0.1 at 2010-03-24 22:53:04) [GET]
  Parameters: {"action"=>"new", "controller"=>"departments"}
  [4;36;1mDepartment Columns (0.0ms)[0m   [0;1mSHOW FIELDS FROM `departments`[0m
Rendering template within layouts/departments
Rendering departments/new
Completed in 31ms (View: 15, DB: 0) | 200 OK [http://localhost/departments/new]
  [4;35;1mSQL (0.0ms)[0m   [0mSET NAMES 'utf8'[0m
  [4;36;1mSQL (0.0ms)[0m   [0;1mSET SQL_AUTO_IS_NULL=0[0m


Processing DepartmentsController#create (for 127.0.0.1 at 2010-03-24 22:53:08) [POST]
  Parameters: {"department"=>{"name"=>"IT"}, "commit"=>"Create", "action"=>"create", "authenticity_token"=>"LMrz/NNCwb7o/6aZjxr6/ybWfqszN/2c/QjD1Tca90A=", "controller"=>"departments"}
  [4;35;1mDepartment Columns (0.0ms)[0m   [0mSHOW FIELDS FROM `departments`[0m
  [4;36;1mSQL (16.0ms)[0m   [0;1mBEGIN[0m
  [4;35;1mDepartment Create (0.0ms)[0m   [0mINSERT INTO `departments` (`name`, `updated_at`, `created_at`) VALUES('IT', '2010-03-24 17:23:08', '2010-03-24 17:23:08')[0m
  [4;36;1mSQL (31.0ms)[0m   [0;1mCOMMIT[0m
Redirected to http://localhost:3000/departments/2
Completed in 78ms (DB: 47) | 302 Found [http://localhost/departments]
  [4;35;1mSQL (0.0ms)[0m   [0mSET NAMES 'utf8'[0m
  [4;36;1mSQL (0.0ms)[0m   [0;1mSET SQL_AUTO_IS_NULL=0[0m


Processing DepartmentsController#show (for 127.0.0.1 at 2010-03-24 22:53:08) [GET]
  Parameters: {"action"=>"show", "id"=>"2", "controller"=>"departments"}
  [4;35;1mDepartment Columns (16.0ms)[0m   [0mSHOW FIELDS FROM `departments`[0m
  [4;36;1mDepartment Load (0.0ms)[0m   [0;1mSELECT * FROM `departments` WHERE (`departments`.`id` = 2) [0m
Rendering template within layouts/departments
Rendering departments/show
Completed in 31ms (View: 15, DB: 16) | 200 OK [http://localhost/departments/2]
  [4;35;1mSQL (0.0ms)[0m   [0mSET NAMES 'utf8'[0m
  [4;36;1mSQL (0.0ms)[0m   [0;1mSET SQL_AUTO_IS_NULL=0[0m


Processing DepartmentsController#index (for 127.0.0.1 at 2010-03-24 22:53:10) [GET]
  Parameters: {"action"=>"index", "controller"=>"departments"}
  [4;35;1mDepartment Load (0.0ms)[0m   [0mSELECT * FROM `departments` [0m
Rendering template within layouts/departments
Rendering departments/index
  [4;36;1mDepartment Columns (15.0ms)[0m   [0;1mSHOW FIELDS FROM `departments`[0m
Completed in 31ms (View: 0, DB: 15) | 200 OK [http://localhost/departments]
  [4;35;1mSQL (0.0ms)[0m   [0mSET NAMES 'utf8'[0m
  [4;36;1mSQL (0.0ms)[0m   [0;1mSET SQL_AUTO_IS_NULL=0[0m


Processing DepartmentsController#new (for 127.0.0.1 at 2010-03-24 22:53:13) [GET]
  Parameters: {"action"=>"new", "controller"=>"departments"}
  [4;35;1mDepartment Columns (47.0ms)[0m   [0mSHOW FIELDS FROM `departments`[0m
Rendering template within layouts/departments
Rendering departments/new
Completed in 63ms (View: 16, DB: 47) | 200 OK [http://localhost/departments/new]
  [4;36;1mSQL (0.0ms)[0m   [0;1mSET NAMES 'utf8'[0m
  [4;35;1mSQL (0.0ms)[0m   [0mSET SQL_AUTO_IS_NULL=0[0m


Processing DepartmentsController#create (for 127.0.0.1 at 2010-03-24 22:53:18) [POST]
  Parameters: {"department"=>{"name"=>"Admin"}, "commit"=>"Create", "action"=>"create", "authenticity_token"=>"LMrz/NNCwb7o/6aZjxr6/ybWfqszN/2c/QjD1Tca90A=", "controller"=>"departments"}
  [4;36;1mDepartment Columns (0.0ms)[0m   [0;1mSHOW FIELDS FROM `departments`[0m
  [4;35;1mSQL (31.0ms)[0m   [0mBEGIN[0m
  [4;36;1mDepartment Create (0.0ms)[0m   [0;1mINSERT INTO `departments` (`name`, `updated_at`, `created_at`) VALUES('Admin', '2010-03-24 17:23:19', '2010-03-24 17:23:19')[0m
  [4;35;1mSQL (31.0ms)[0m   [0mCOMMIT[0m
Redirected to http://localhost:3000/departments/3
Completed in 156ms (DB: 62) | 302 Found [http://localhost/departments]
  [4;36;1mSQL (0.0ms)[0m   [0;1mSET NAMES 'utf8'[0m
  [4;35;1mSQL (0.0ms)[0m   [0mSET SQL_AUTO_IS_NULL=0[0m


Processing DepartmentsController#show (for 127.0.0.1 at 2010-03-24 22:53:19) [GET]
  Parameters: {"action"=>"show", "id"=>"3", "controller"=>"departments"}
  [4;36;1mDepartment Columns (0.0ms)[0m   [0;1mSHOW FIELDS FROM `departments`[0m
  [4;35;1mDepartment Load (16.0ms)[0m   [0mSELECT * FROM `departments` WHERE (`departments`.`id` = 3) [0m
Rendering template within layouts/departments
Rendering departments/show
Completed in 47ms (View: 15, DB: 16) | 200 OK [http://localhost/departments/3]
  [4;36;1mSQL (0.0ms)[0m   [0;1mSET NAMES 'utf8'[0m
  [4;35;1mSQL (0.0ms)[0m   [0mSET SQL_AUTO_IS_NULL=0[0m


Processing DepartmentsController#index (for 127.0.0.1 at 2010-03-24 22:53:20) [GET]
  Parameters: {"action"=>"index", "controller"=>"departments"}
  [4;36;1mDepartment Load (0.0ms)[0m   [0;1mSELECT * FROM `departments` [0m
Rendering template within layouts/departments
Rendering departments/index
  [4;35;1mDepartment Columns (0.0ms)[0m   [0mSHOW FIELDS FROM `departments`[0m
Completed in 47ms (View: 31, DB: 0) | 200 OK [http://localhost/departments]
  [4;36;1mSQL (0.0ms)[0m   [0;1mSET NAMES 'utf8'[0m
  [4;35;1mSQL (0.0ms)[0m   [0mSET SQL_AUTO_IS_NULL=0[0m


Processing DepartmentsController#new (for 127.0.0.1 at 2010-03-24 22:53:21) [GET]
  Parameters: {"action"=>"new", "controller"=>"departments"}
  [4;36;1mDepartment Columns (0.0ms)[0m   [0;1mSHOW FIELDS FROM `departments`[0m
Rendering template within layouts/departments
Rendering departments/new
Completed in 32ms (View: 16, DB: 0) | 200 OK [http://localhost/departments/new]
  [4;35;1mSQL (0.0ms)[0m   [0mSET NAMES 'utf8'[0m
  [4;36;1mSQL (16.0ms)[0m   [0;1mSET SQL_AUTO_IS_NULL=0[0m


Processing DepartmentsController#create (for 127.0.0.1 at 2010-03-24 22:53:25) [POST]
  Parameters: {"department"=>{"name"=>"Sales"}, "commit"=>"Create", "action"=>"create", "authenticity_token"=>"LMrz/NNCwb7o/6aZjxr6/ybWfqszN/2c/QjD1Tca90A=", "controller"=>"departments"}
  [4;35;1mDepartment Columns (0.0ms)[0m   [0mSHOW FIELDS FROM `departments`[0m
  [4;36;1mSQL (15.0ms)[0m   [0;1mBEGIN[0m
  [4;35;1mDepartment Create (0.0ms)[0m   [0mINSERT INTO `departments` (`name`, `updated_at`, `created_at`) VALUES('Sales', '2010-03-24 17:23:25', '2010-03-24 17:23:25')[0m
  [4;36;1mSQL (31.0ms)[0m   [0;1mCOMMIT[0m
Redirected to http://localhost:3000/departments/4
Completed in 62ms (DB: 62) | 302 Found [http://localhost/departments]
  [4;35;1mSQL (0.0ms)[0m   [0mSET NAMES 'utf8'[0m
  [4;36;1mSQL (0.0ms)[0m   [0;1mSET SQL_AUTO_IS_NULL=0[0m


Processing DepartmentsController#show (for 127.0.0.1 at 2010-03-24 22:53:26) [GET]
  Parameters: {"action"=>"show", "id"=>"4", "controller"=>"departments"}
  [4;35;1mDepartment Columns (15.0ms)[0m   [0mSHOW FIELDS FROM `departments`[0m
  [4;36;1mDepartment Load (0.0ms)[0m   [0;1mSELECT * FROM `departments` WHERE (`departments`.`id` = 4) [0m
Rendering template within layouts/departments
Rendering departments/show
Completed in 31ms (View: 16, DB: 15) | 200 OK [http://localhost/departments/4]
  [4;35;1mSQL (0.0ms)[0m   [0mSET NAMES 'utf8'[0m
  [4;36;1mSQL (0.0ms)[0m   [0;1mSET SQL_AUTO_IS_NULL=0[0m


Processing DepartmentsController#index (for 127.0.0.1 at 2010-03-24 22:53:27) [GET]
  Parameters: {"action"=>"index", "controller"=>"departments"}
  [4;35;1mDepartment Load (0.0ms)[0m   [0mSELECT * FROM `departments` [0m
Rendering template within layouts/departments
Rendering departments/index
  [4;36;1mDepartment Columns (0.0ms)[0m   [0;1mSHOW FIELDS FROM `departments`[0m
Completed in 47ms (View: 32, DB: 0) | 200 OK [http://localhost/departments]
  [4;35;1mSQL (0.0ms)[0m   [0mSET NAMES 'utf8'[0m
  [4;36;1mSQL (0.0ms)[0m   [0;1mSET SQL_AUTO_IS_NULL=0[0m


Processing EmployeesController#new (for 127.0.0.1 at 2010-03-24 22:54:36) [GET]
  Parameters: {"action"=>"new", "controller"=>"employees"}
  [4;35;1mEmployee Columns (31.0ms)[0m   [0mSHOW FIELDS FROM `employees`[0m
  [4;36;1mDepartment Load (0.0ms)[0m   [0;1mSELECT * FROM `departments` [0m
Rendering template within layouts/employees
Rendering employees/new
  [4;35;1mDepartment Columns (0.0ms)[0m   [0mSHOW FIELDS FROM `departments`[0m
Completed in 109ms (View: 32, DB: 31) | 200 OK [http://localhost/employees/new]
  [4;36;1mSQL (0.0ms)[0m   [0;1mSET NAMES 'utf8'[0m
  [4;35;1mSQL (0.0ms)[0m   [0mSET SQL_AUTO_IS_NULL=0[0m


Processing EmployeesController#create (for 127.0.0.1 at 2010-03-24 22:56:33) [POST]
  Parameters: {"commit"=>"Create", "employee"=>{"city"=>"Mumbai", "zipcode"=>"400076", "birthdate(1i)"=>"2005", "birthdate(2i)"=>"8", "mobile"=>"9256314782", "birthdate(3i)"=>"29", "street"=>"Sector15", "phone"=>"24531642", "department_id"=>"1", "first_name"=>"userone", "last_name"=>"one", "state"=>"MH"}, "action"=>"create", "authenticity_token"=>"LMrz/NNCwb7o/6aZjxr6/ybWfqszN/2c/QjD1Tca90A=", "controller"=>"employees"}
  [4;36;1mEmployee Columns (15.0ms)[0m   [0;1mSHOW FIELDS FROM `employees`[0m
  [4;35;1mSQL (0.0ms)[0m   [0mBEGIN[0m
  [4;36;1mEmployee Create (0.0ms)[0m   [0;1mINSERT INTO `employees` (`city`, `updated_at`, `birthdate`, `zipcode`, `mobile`, `mgr_id`, `phone`, `street`, `first_name`, `user_id`, `department_id`, `last_name`, `state`, `created_at`) VALUES('Mumbai', '2010-03-24 17:26:33', '2005-08-29', '400076', '9256314782', NULL, '24531642', 'Sector15', 'userone', NULL, 1, 'one', 'MH', '2010-03-24 17:26:33')[0m
  [4;35;1mSQL (47.0ms)[0m   [0mCOMMIT[0m
Redirected to http://localhost:3000/employees/1
Completed in 62ms (DB: 62) | 302 Found [http://localhost/employees]
  [4;36;1mSQL (0.0ms)[0m   [0;1mSET NAMES 'utf8'[0m
  [4;35;1mSQL (0.0ms)[0m   [0mSET SQL_AUTO_IS_NULL=0[0m


Processing EmployeesController#show (for 127.0.0.1 at 2010-03-24 22:56:34) [GET]
  Parameters: {"action"=>"show", "id"=>"1", "controller"=>"employees"}
  [4;36;1mEmployee Columns (78.0ms)[0m   [0;1mSHOW FIELDS FROM `employees`[0m
  [4;35;1mEmployee Load (16.0ms)[0m   [0mSELECT * FROM `employees` WHERE (`employees`.`id` = 1) [0m
Rendering template within layouts/employees
Rendering employees/show
Completed in 203ms (View: 31, DB: 94) | 200 OK [http://localhost/employees/1]
  [4;36;1mSQL (0.0ms)[0m   [0;1mSET NAMES 'utf8'[0m
  [4;35;1mSQL (0.0ms)[0m   [0mSET SQL_AUTO_IS_NULL=0[0m


Processing EmployeesController#index (for 127.0.0.1 at 2010-03-24 22:56:57) [GET]
  Parameters: {"action"=>"index", "controller"=>"employees"}
  [4;36;1mEmployee Load (0.0ms)[0m   [0;1mSELECT * FROM `employees` [0m
Rendering template within layouts/employees
Rendering employees/index
  [4;35;1mEmployee Columns (16.0ms)[0m   [0mSHOW FIELDS FROM `employees`[0m
Completed in 46ms (View: 30, DB: 16) | 200 OK [http://localhost/employees]
  [4;36;1mSQL (0.0ms)[0m   [0;1mSET NAMES 'utf8'[0m
  [4;35;1mSQL (0.0ms)[0m   [0mSET SQL_AUTO_IS_NULL=0[0m


Processing EmployeesController#new (for 127.0.0.1 at 2010-03-24 23:02:35) [GET]
  Parameters: {"action"=>"new", "controller"=>"employees"}
  [4;36;1mEmployee Columns (16.0ms)[0m   [0;1mSHOW FIELDS FROM `employees`[0m
  [4;35;1mDepartment Load (0.0ms)[0m   [0mSELECT * FROM `departments` [0m
Rendering template within layouts/employees
Rendering employees/new
  [4;36;1mDepartment Columns (16.0ms)[0m   [0;1mSHOW FIELDS FROM `departments`[0m
Completed in 63ms (View: 31, DB: 32) | 200 OK [http://localhost/employees/new]
